#
# A fatal error has been detected by the Java Runtime Environment:
#
#  SIGSEGV (0xb) at pc=0x00007fb9c4a00ec7, pid=4778, tid=4779
#
# JRE version: OpenJDK Runtime Environment (11.0.6+10) (build 11.0.6+10)
# Java VM: OpenJDK 64-Bit Server VM (11.0.6+10, mixed mode, tiered, compressed oops, g1 gc, linux-amd64)
# Problematic frame:
# v  ~BufferBlob::vtable chunks
#
# Core dump will be written. Default location: Core dumps may be processed with "/usr/share/apport/apport %p %s %c %d %P %E" (or dumping to /home/ammar/codes/compilers/ktlox/src/klox/core.4778)
#
# If you would like to submit a bug report, please visit:
#   https://github.com/AdoptOpenJDK/openjdk-support/issues
#

---------------  S U M M A R Y ------------

Command Line: -Xmx256M -Xms32M -Xverify:none org.jetbrains.kotlin.preloading.Preloader -cp /home/ammar/.sdkman/candidates/kotlin/1.3.70/lib/kotlin-compiler.jar org.jetbrains.kotlin.cli.jvm.K2JVMCompiler astprinter.kt environment.kt expr.kt interpreter.kt klox.kt lox-callable.kt lox-function.kt parser.kt runtime-error.kt scanner.kt stmt.kt tokens.kt

Host: Intel(R) Core(TM) i3-3220 CPU @ 3.30GHz, 4 cores, 3G, Ubuntu 18.04.4 LTS
Time: Sun Aug 16 04:44:08 2020 IST elapsed time: 4 seconds (0d 0h 0m 4s)

---------------  T H R E A D  ---------------

Current thread (0x00007fb9dc014800):  JavaThread "main" [_thread_in_Java, id=4779, stack(0x00007fb9e41b0000,0x00007fb9e42b1000)]

Stack: [0x00007fb9e41b0000,0x00007fb9e42b1000],  sp=0x00007fb9e42aa888,  free space=1002k
Native frames: (J=compiled Java code, A=aot compiled Java code, j=interpreted, Vv=VM code, C=native code)
v  ~BufferBlob::vtable chunks
j  org.jetbrains.kotlin.metadata.ProtoBuf$Package.isInitialized()Z+67
j  org.jetbrains.kotlin.protobuf.AbstractParser.checkMessageInitialized(Lorg/jetbrains/kotlin/protobuf/MessageLite;)Lorg/jetbrains/kotlin/protobuf/MessageLite;+5
j  org.jetbrains.kotlin.protobuf.AbstractParser.parseFrom(Ljava/io/InputStream;Lorg/jetbrains/kotlin/protobuf/ExtensionRegistryLite;)Lorg/jetbrains/kotlin/protobuf/MessageLite;+7
j  org.jetbrains.kotlin.protobuf.AbstractParser.parseFrom(Ljava/io/InputStream;Lorg/jetbrains/kotlin/protobuf/ExtensionRegistryLite;)Ljava/lang/Object;+3
j  org.jetbrains.kotlin.metadata.ProtoBuf$Package.parseFrom(Ljava/io/InputStream;Lorg/jetbrains/kotlin/protobuf/ExtensionRegistryLite;)Lorg/jetbrains/kotlin/metadata/ProtoBuf$Package;+5
j  org.jetbrains.kotlin.metadata.jvm.deserialization.JvmProtoBufUtil.readPackageDataFrom([B[Ljava/lang/String;)Lkotlin/Pair;+43
j  org.jetbrains.kotlin.metadata.jvm.deserialization.JvmProtoBufUtil.readPackageDataFrom([Ljava/lang/String;[Ljava/lang/String;)Lkotlin/Pair;+23
j  org.jetbrains.kotlin.load.kotlin.DeserializedDescriptorResolver.createKotlinPackagePartScope(Lorg/jetbrains/kotlin/descriptors/PackageFragmentDescriptor;Lorg/jetbrains/kotlin/load/kotlin/KotlinJvmBinaryClass;)Lorg/jetbrains/kotlin/resolve/scopes/MemberScope;+66
j  org.jetbrains.kotlin.load.java.lazy.descriptors.JvmPackageScope$kotlinScopes$2.invoke()Ljava/util/List;+114
j  org.jetbrains.kotlin.load.java.lazy.descriptors.JvmPackageScope$kotlinScopes$2.invoke()Ljava/lang/Object;+1
J 3071 c1 org.jetbrains.kotlin.storage.LockBasedStorageManager$LockBasedLazyValue.invoke()Ljava/lang/Object; (257 bytes) @ 0x00007fb9c549955c [0x00007fb9c5499320+0x000000000000023c]
J 3072 c1 org.jetbrains.kotlin.storage.LockBasedStorageManager$LockBasedNotNullLazyValue.invoke()Ljava/lang/Object; (35 bytes) @ 0x00007fb9c549a5b4 [0x00007fb9c549a560+0x0000000000000054]
j  org.jetbrains.kotlin.storage.StorageKt.getValue(Lorg/jetbrains/kotlin/storage/NotNullLazyValue;Ljava/lang/Object;Lkotlin/reflect/KProperty;)Ljava/lang/Object;+13
j  org.jetbrains.kotlin.load.java.lazy.descriptors.JvmPackageScope.getKotlinScopes()Ljava/util/List;+10
j  org.jetbrains.kotlin.load.java.lazy.descriptors.JvmPackageScope.getContributedClassifier(Lorg/jetbrains/kotlin/name/Name;Lorg/jetbrains/kotlin/incremental/components/LookupLocation;)Lorg/jetbrains/kotlin/descriptors/ClassifierDescriptor;+38
j  org.jetbrains.kotlin.resolve.scopes.ChainedMemberScope.getContributedClassifier(Lorg/jetbrains/kotlin/name/Name;Lorg/jetbrains/kotlin/incremental/components/LookupLocation;)Lorg/jetbrains/kotlin/descriptors/ClassifierDescriptor;+67
j  org.jetbrains.kotlin.resolve.scopes.AbstractScopeAdapter.getContributedClassifier(Lorg/jetbrains/kotlin/name/Name;Lorg/jetbrains/kotlin/incremental/components/LookupLocation;)Lorg/jetbrains/kotlin/descriptors/ClassifierDescriptor;+18
j  org.jetbrains.kotlin.resolve.LazyExplicitImportScope.getContributedClassifier(Lorg/jetbrains/kotlin/name/Name;Lorg/jetbrains/kotlin/incremental/components/LookupLocation;)Lorg/jetbrains/kotlin/descriptors/ClassifierDescriptor;+56
j  org.jetbrains.kotlin.resolve.lazy.LazyImportScope$getClassifier$1.invoke()Lorg/jetbrains/kotlin/descriptors/ClassifierDescriptor;+67
j  org.jetbrains.kotlin.resolve.lazy.LazyImportScope$getClassifier$1.invoke()Ljava/lang/Object;+1
j  org.jetbrains.kotlin.storage.LockBasedStorageManager.compute(Lkotlin/jvm/functions/Function0;)Ljava/lang/Object;+19
j  org.jetbrains.kotlin.resolve.lazy.LazyImportScope.getClassifier(Lorg/jetbrains/kotlin/resolve/lazy/LazyImportResolver;Lorg/jetbrains/kotlin/name/Name;Lorg/jetbrains/kotlin/incremental/components/LookupLocation;)Lorg/jetbrains/kotlin/descriptors/ClassifierDescriptor;+21
j  org.jetbrains.kotlin.resolve.lazy.LazyImportScope.getContributedClassifier(Lorg/jetbrains/kotlin/name/Name;Lorg/jetbrains/kotlin/incremental/components/LookupLocation;)Lorg/jetbrains/kotlin/descriptors/ClassifierDescriptor;+19
j  org.jetbrains.kotlin.resolve.scopes.ResolutionScope$DefaultImpls.getContributedClassifierIncludeDeprecated(Lorg/jetbrains/kotlin/resolve/scopes/ResolutionScope;Lorg/jetbrains/kotlin/name/Name;Lorg/jetbrains/kotlin/incremental/components/LookupLocation;)Lorg/jetbrains/kotlin/descriptors/DescriptorWithDeprecation;+15
j  org.jetbrains.kotlin.resolve.scopes.HierarchicalScope$DefaultImpls.getContributedClassifierIncludeDeprecated(Lorg/jetbrains/kotlin/resolve/scopes/HierarchicalScope;Lorg/jetbrains/kotlin/name/Name;Lorg/jetbrains/kotlin/incremental/components/LookupLocation;)Lorg/jetbrains/kotlin/descriptors/DescriptorWithDeprecation;+18
j  org.jetbrains.kotlin.resolve.scopes.ImportingScope$DefaultImpls.getContributedClassifierIncludeDeprecated(Lorg/jetbrains/kotlin/resolve/scopes/ImportingScope;Lorg/jetbrains/kotlin/name/Name;Lorg/jetbrains/kotlin/incremental/components/LookupLocation;)Lorg/jetbrains/kotlin/descriptors/DescriptorWithDeprecation;+18
j  org.jetbrains.kotlin.resolve.lazy.LazyImportScope.getContributedClassifierIncludeDeprecated(Lorg/jetbrains/kotlin/name/Name;Lorg/jetbrains/kotlin/incremental/components/LookupLocation;)Lorg/jetbrains/kotlin/descriptors/DescriptorWithDeprecation;+15
j  org.jetbrains.kotlin.resolve.scopes.utils.ScopeUtilsKt.findFirstClassifierWithDeprecationStatus(Lorg/jetbrains/kotlin/resolve/scopes/HierarchicalScope;Lorg/jetbrains/kotlin/name/Name;Lorg/jetbrains/kotlin/incremental/components/LookupLocation;)Lorg/jetbrains/kotlin/descriptors/DescriptorWithDeprecation;+52
j  org.jetbrains.kotlin.resolve.QualifiedExpressionResolver.findClassifierAndReportDeprecationIfNeeded(Lorg/jetbrains/kotlin/resolve/scopes/LexicalScope;Lorg/jetbrains/kotlin/name/Name;Lorg/jetbrains/kotlin/incremental/KotlinLookupLocation;Lorg/jetbrains/kotlin/psi/KtExpression;Lorg/jetbrains/kotlin/resolve/BindingTrace;)Lorg/jetbrains/kotlin/descriptors/ClassifierDescriptor;+34
j  org.jetbrains.kotlin.resolve.QualifiedExpressionResolver.resolveDescriptorForType(Lorg/jetbrains/kotlin/psi/KtUserType;Lorg/jetbrains/kotlin/resolve/scopes/LexicalScope;Lorg/jetbrains/kotlin/resolve/BindingTrace;Z)Lorg/jetbrains/kotlin/resolve/QualifiedExpressionResolver$TypeQualifierResolutionResult;+98
j  org.jetbrains.kotlin.resolve.TypeResolver.resolveDescriptorForType(Lorg/jetbrains/kotlin/resolve/scopes/LexicalScope;Lorg/jetbrains/kotlin/psi/KtUserType;Lorg/jetbrains/kotlin/resolve/BindingTrace;Z)Lorg/jetbrains/kotlin/resolve/QualifiedExpressionResolver$TypeQualifierResolutionResult;+140
j  org.jetbrains.kotlin.resolve.TypeResolver$resolveTypeElement$1.visitUserType(Lorg/jetbrains/kotlin/psi/KtUserType;)V+44
j  org.jetbrains.kotlin.psi.KtVisitorVoid.visitUserType(Lorg/jetbrains/kotlin/psi/KtUserType;Ljava/lang/Void;)Ljava/lang/Void;+12
j  org.jetbrains.kotlin.psi.KtVisitorVoid.visitUserType(Lorg/jetbrains/kotlin/psi/KtUserType;Ljava/lang/Object;)Ljava/lang/Object;+6
j  org.jetbrains.kotlin.psi.KtUserType.accept(Lorg/jetbrains/kotlin/psi/KtVisitor;Ljava/lang/Object;)Ljava/lang/Object;+11
j  org.jetbrains.kotlin.psi.KtElementImplStub.accept(Lcom/intellij/psi/PsiElementVisitor;)V+21
j  org.jetbrains.kotlin.resolve.TypeResolver.resolveTypeElement(Lorg/jetbrains/kotlin/resolve/TypeResolutionContext;Lorg/jetbrains/kotlin/descriptors/annotations/Annotations;Lorg/jetbrains/kotlin/psi/KtModifierList;Lorg/jetbrains/kotlin/psi/KtTypeElement;)Lorg/jetbrains/kotlin/resolve/PossiblyBareType;+228
j  org.jetbrains.kotlin.resolve.TypeResolver.resolvePossiblyBareType(Lorg/jetbrains/kotlin/resolve/TypeResolutionContext;Lorg/jetbrains/kotlin/psi/KtTypeReference;)Lorg/jetbrains/kotlin/resolve/PossiblyBareType;+99
j  org.jetbrains.kotlin.resolve.TypeResolver.resolveType(Lorg/jetbrains/kotlin/resolve/TypeResolutionContext;Lorg/jetbrains/kotlin/psi/KtTypeReference;)Lorg/jetbrains/kotlin/types/KotlinType;+49
j  org.jetbrains.kotlin.resolve.TypeResolver.resolveType(Lorg/jetbrains/kotlin/resolve/scopes/LexicalScope;Lorg/jetbrains/kotlin/psi/KtTypeReference;Lorg/jetbrains/kotlin/resolve/BindingTrace;Z)Lorg/jetbrains/kotlin/types/KotlinType;+40
j  org.jetbrains.kotlin.resolve.FunctionDescriptorResolver.resolveValueParameters(Lorg/jetbrains/kotlin/descriptors/FunctionDescriptor;Lorg/jetbrains/kotlin/resolve/scopes/LexicalWritableScope;Ljava/util/List;Lorg/jetbrains/kotlin/resolve/BindingTrace;Ljava/util/List;)Ljava/util/List;+160
j  org.jetbrains.kotlin.resolve.FunctionDescriptorResolver.createConstructorDescriptor(Lorg/jetbrains/kotlin/resolve/scopes/LexicalScope;Lorg/jetbrains/kotlin/descriptors/ClassDescriptor;ZLorg/jetbrains/kotlin/psi/KtModifierList;Lorg/jetbrains/kotlin/psi/KtPureElement;Ljava/util/List;Lorg/jetbrains/kotlin/resolve/BindingTrace;)Lorg/jetbrains/kotlin/descriptors/impl/ClassConstructorDescriptorImpl;+161
j  org.jetbrains.kotlin.resolve.FunctionDescriptorResolver.resolvePrimaryConstructorDescriptor(Lorg/jetbrains/kotlin/resolve/scopes/LexicalScope;Lorg/jetbrains/kotlin/descriptors/ClassDescriptor;Lorg/jetbrains/kotlin/psi/KtPureClassOrObject;Lorg/jetbrains/kotlin/resolve/BindingTrace;)Lorg/jetbrains/kotlin/descriptors/impl/ClassConstructorDescriptorImpl;+93
j  org.jetbrains.kotlin.resolve.lazy.descriptors.LazyClassMemberScope.resolvePrimaryConstructor()Lorg/jetbrains/kotlin/descriptors/ClassConstructorDescriptor;+129
j  org.jetbrains.kotlin.resolve.lazy.descriptors.LazyClassMemberScope$primaryConstructor$1.invoke()Lorg/jetbrains/kotlin/descriptors/ClassConstructorDescriptor;+4
j  org.jetbrains.kotlin.resolve.lazy.descriptors.LazyClassMemberScope$primaryConstructor$1.invoke()Ljava/lang/Object;+1
J 3071 c1 org.jetbrains.kotlin.storage.LockBasedStorageManager$LockBasedLazyValue.invoke()Ljava/lang/Object; (257 bytes) @ 0x00007fb9c549955c [0x00007fb9c5499320+0x000000000000023c]
j  org.jetbrains.kotlin.resolve.lazy.descriptors.LazyClassMemberScope.getPrimaryConstructor()Lorg/jetbrains/kotlin/descriptors/ClassConstructorDescriptor;+38
j  org.jetbrains.kotlin.resolve.lazy.descriptors.LazyClassMemberScope.createPropertiesFromPrimaryConstructorParameters(Lorg/jetbrains/kotlin/name/Name;Ljava/util/Set;)V+13
j  org.jetbrains.kotlin.resolve.lazy.descriptors.LazyClassMemberScope.getNonDeclaredProperties(Lorg/jetbrains/kotlin/name/Name;Ljava/util/Set;)V+15
j  org.jetbrains.kotlin.resolve.lazy.descriptors.AbstractLazyMemberScope.doGetProperties(Lorg/jetbrains/kotlin/name/Name;)Ljava/util/Collection;+27
j  org.jetbrains.kotlin.resolve.lazy.descriptors.AbstractLazyMemberScope.access$doGetProperties(Lorg/jetbrains/kotlin/resolve/lazy/descriptors/AbstractLazyMemberScope;Lorg/jetbrains/kotlin/name/Name;)Ljava/util/Collection;+2
j  org.jetbrains.kotlin.resolve.lazy.descriptors.AbstractLazyMemberScope$propertyDescriptors$1.invoke(Lorg/jetbrains/kotlin/name/Name;)Ljava/util/Collection;+11
j  org.jetbrains.kotlin.resolve.lazy.descriptors.AbstractLazyMemberScope$propertyDescriptors$1.invoke(Ljava/lang/Object;)Ljava/lang/Object;+5
J 3077 c1 org.jetbrains.kotlin.storage.LockBasedStorageManager$MapBasedMemoizedFunction.invoke(Ljava/lang/Object;)Ljava/lang/Object; (281 bytes) @ 0x00007fb9c549be7c [0x00007fb9c549bd00+0x000000000000017c]
j  org.jetbrains.kotlin.storage.LockBasedStorageManager$MapBasedMemoizedFunctionToNotNull.invoke(Ljava/lang/Object;)Ljava/lang/Object;+2
j  org.jetbrains.kotlin.resolve.lazy.descriptors.AbstractLazyMemberScope.getContributedVariables(Lorg/jetbrains/kotlin/name/Name;Lorg/jetbrains/kotlin/incremental/components/LookupLocation;)Ljava/util/Collection;+23
j  org.jetbrains.kotlin.resolve.lazy.descriptors.LazyClassMemberScope.getContributedVariables(Lorg/jetbrains/kotlin/name/Name;Lorg/jetbrains/kotlin/incremental/components/LookupLocation;)Ljava/util/Collection;+15
j  org.jetbrains.kotlin.resolve.lazy.LazyDeclarationResolver$resolveToDescriptor$1.visitParameter(Lorg/jetbrains/kotlin/psi/KtParameter;Ljava/lang/Void;)Lorg/jetbrains/kotlin/descriptors/DeclarationDescriptor;+109
j  org.jetbrains.kotlin.resolve.lazy.LazyDeclarationResolver$resolveToDescriptor$1.visitParameter(Lorg/jetbrains/kotlin/psi/KtParameter;Ljava/lang/Object;)Ljava/lang/Object;+6
j  org.jetbrains.kotlin.psi.KtParameter.accept(Lorg/jetbrains/kotlin/psi/KtVisitor;Ljava/lang/Object;)Ljava/lang/Object;+11
j  org.jetbrains.kotlin.resolve.lazy.LazyDeclarationResolver.resolveToDescriptor(Lorg/jetbrains/kotlin/psi/KtDeclaration;Z)Lorg/jetbrains/kotlin/descriptors/DeclarationDescriptor;+14
j  org.jetbrains.kotlin.resolve.lazy.LazyDeclarationResolver.resolveToDescriptor(Lorg/jetbrains/kotlin/psi/KtDeclaration;)Lorg/jetbrains/kotlin/descriptors/DeclarationDescriptor;+9
j  org.jetbrains.kotlin.resolve.LazyTopDownAnalyzer$analyzeDeclarations$1.registerPrimaryConstructorParameters(Lorg/jetbrains/kotlin/psi/KtClass;)V+55
j  org.jetbrains.kotlin.resolve.LazyTopDownAnalyzer$analyzeDeclarations$1.visitClass(Lorg/jetbrains/kotlin/psi/KtClass;)V+16
j  org.jetbrains.kotlin.psi.KtVisitorVoid.visitClass(Lorg/jetbrains/kotlin/psi/KtClass;Ljava/lang/Void;)Ljava/lang/Void;+11
j  org.jetbrains.kotlin.psi.KtVisitorVoid.visitClass(Lorg/jetbrains/kotlin/psi/KtClass;Ljava/lang/Object;)Ljava/lang/Object;+6
j  org.jetbrains.kotlin.psi.KtClass.accept(Lorg/jetbrains/kotlin/psi/KtVisitor;Ljava/lang/Object;)Ljava/lang/Object;+9
j  org.jetbrains.kotlin.psi.KtElementImplStub.accept(Lcom/intellij/psi/PsiElementVisitor;)V+21
j  org.jetbrains.kotlin.resolve.ExceptionWrappingKtVisitorVoid.visitDeclaration(Lorg/jetbrains/kotlin/psi/KtDeclaration;)V+15
j  org.jetbrains.kotlin.psi.KtVisitorVoid.visitDeclaration(Lorg/jetbrains/kotlin/psi/KtDeclaration;Ljava/lang/Void;)Ljava/lang/Void;+11
j  org.jetbrains.kotlin.psi.KtVisitorVoid.visitDeclaration(Lorg/jetbrains/kotlin/psi/KtDeclaration;Ljava/lang/Object;)Ljava/lang/Object;+6
j  org.jetbrains.kotlin.psi.KtVisitor.visitNamedDeclaration(Lorg/jetbrains/kotlin/psi/KtNamedDeclaration;Ljava/lang/Object;)Ljava/lang/Object;+12
j  org.jetbrains.kotlin.psi.KtVisitorVoid.visitNamedDeclaration(Lorg/jetbrains/kotlin/psi/KtNamedDeclaration;)V+12
j  org.jetbrains.kotlin.psi.KtVisitorVoid.visitNamedDeclaration(Lorg/jetbrains/kotlin/psi/KtNamedDeclaration;Ljava/lang/Void;)Ljava/lang/Void;+12
j  org.jetbrains.kotlin.psi.KtVisitorVoid.visitNamedDeclaration(Lorg/jetbrains/kotlin/psi/KtNamedDeclaration;Ljava/lang/Object;)Ljava/lang/Object;+6
j  org.jetbrains.kotlin.psi.KtVisitor.visitClassOrObject(Lorg/jetbrains/kotlin/psi/KtClassOrObject;Ljava/lang/Object;)Ljava/lang/Object;+11
j  org.jetbrains.kotlin.psi.KtVisitorVoid.visitClassOrObject(Lorg/jetbrains/kotlin/psi/KtClassOrObject;)V+11
j  org.jetbrains.kotlin.psi.KtVisitorVoid.visitClassOrObject(Lorg/jetbrains/kotlin/psi/KtClassOrObject;Ljava/lang/Void;)Ljava/lang/Void;+11
j  org.jetbrains.kotlin.psi.KtVisitorVoid.visitClassOrObject(Lorg/jetbrains/kotlin/psi/KtClassOrObject;Ljava/lang/Object;)Ljava/lang/Object;+6
j  org.jetbrains.kotlin.psi.KtVisitor.visitClass(Lorg/jetbrains/kotlin/psi/KtClass;Ljava/lang/Object;)Ljava/lang/Object;+11
j  org.jetbrains.kotlin.psi.KtVisitorVoid.visitClass(Lorg/jetbrains/kotlin/psi/KtClass;)V+11
j  org.jetbrains.kotlin.psi.KtVisitorVoid.visitClass(Lorg/jetbrains/kotlin/psi/KtClass;Ljava/lang/Void;)Ljava/lang/Void;+11
j  org.jetbrains.kotlin.psi.KtVisitorVoid.visitClass(Lorg/jetbrains/kotlin/psi/KtClass;Ljava/lang/Object;)Ljava/lang/Object;+6
j  org.jetbrains.kotlin.psi.KtClass.accept(Lorg/jetbrains/kotlin/psi/KtVisitor;Ljava/lang/Object;)Ljava/lang/Object;+9
j  org.jetbrains.kotlin.psi.KtElementImplStub.accept(Lcom/intellij/psi/PsiElementVisitor;)V+21
j  org.jetbrains.kotlin.resolve.LazyTopDownAnalyzer$analyzeDeclarations$1.registerDeclarations(Ljava/util/List;)V+47
j  org.jetbrains.kotlin.resolve.LazyTopDownAnalyzer$analyzeDeclarations$1.visitClassOrObject(Lorg/jetbrains/kotlin/psi/KtClassOrObject;)V+87
j  org.jetbrains.kotlin.resolve.LazyTopDownAnalyzer$analyzeDeclarations$1.visitClass(Lorg/jetbrains/kotlin/psi/KtClass;)V+11
j  org.jetbrains.kotlin.psi.KtVisitorVoid.visitClass(Lorg/jetbrains/kotlin/psi/KtClass;Ljava/lang/Void;)Ljava/lang/Void;+11
j  org.jetbrains.kotlin.psi.KtVisitorVoid.visitClass(Lorg/jetbrains/kotlin/psi/KtClass;Ljava/lang/Object;)Ljava/lang/Object;+6
j  org.jetbrains.kotlin.psi.KtClass.accept(Lorg/jetbrains/kotlin/psi/KtVisitor;Ljava/lang/Object;)Ljava/lang/Object;+9
j  org.jetbrains.kotlin.psi.KtElementImplStub.accept(Lcom/intellij/psi/PsiElementVisitor;)V+21
j  org.jetbrains.kotlin.resolve.ExceptionWrappingKtVisitorVoid.visitDeclaration(Lorg/jetbrains/kotlin/psi/KtDeclaration;)V+15
j  org.jetbrains.kotlin.psi.KtVisitorVoid.visitDeclaration(Lorg/jetbrains/kotlin/psi/KtDeclaration;Ljava/lang/Void;)Ljava/lang/Void;+11
j  org.jetbrains.kotlin.psi.KtVisitorVoid.visitDeclaration(Lorg/jetbrains/kotlin/psi/KtDeclaration;Ljava/lang/Object;)Ljava/lang/Object;+6
j  org.jetbrains.kotlin.psi.KtVisitor.visitNamedDeclaration(Lorg/jetbrains/kotlin/psi/KtNamedDeclaration;Ljava/lang/Object;)Ljava/lang/Object;+12
j  org.jetbrains.kotlin.psi.KtVisitorVoid.visitNamedDeclaration(Lorg/jetbrains/kotlin/psi/KtNamedDeclaration;)V+12
j  org.jetbrains.kotlin.psi.KtVisitorVoid.visitNamedDeclaration(Lorg/jetbrains/kotlin/psi/KtNamedDeclaration;Ljava/lang/Void;)Ljava/lang/Void;+12
...<more frames>...


siginfo: si_signo: 11 (SIGSEGV), si_code: 1 (SEGV_MAPERR), si_addr: 0x00000007830847c4

Register to memory mapping:

RAX=0x000000010001f370 is a pointer to class: 
java.util.List {0x000000010001f370}
RBX=0x000000010001f370 is a pointer to class: 
java.util.List {0x000000010001f370}
RCX=0x00000000f8d56050 is an oop: org.jetbrains.kotlin.metadata.ProtoBuf$Type 
{0x00000000f8d56050} - klass: 'org/jetbrains/kotlin/metadata/ProtoBuf$Type'
RDX=0x00007fb99cea80c0 is pointing into metadata
RSP=0x00007fb9e42aa888 is pointing into the stack for thread: 0x00007fb9dc014800
RBP=0x00007fb9e42aa9c8 is pointing into the stack for thread: 0x00007fb9dc014800
RSI=0x00000000f062e1d8 is pointing into object: java.util.HashMap$Node 
{0x00000000f062e1d0} - klass: 'java/util/HashMap$Node'
RDI=0x0 is NULL
R8 ={method} {0x00007fb99ce49e80} 'isInitialized' '()Z' in 'org/jetbrains/kotlin/metadata/ProtoBuf$TypeParameter'
R9 =0x0000000000000004 is an unknown value
R10=0x0000000783084700 is an unknown value
R11=0x0000000000000408 is an unknown value
R12=0x0 is NULL
R13=0x00007fb9e42aa978 is pointing into the stack for thread: 0x00007fb9dc014800
R14=0x00007fb9e42aa9e8 is pointing into the stack for thread: 0x00007fb9dc014800
R15=0x00007fb9dc014800 is a thread


Registers:
RAX=0x000000010001f370, RBX=0x000000010001f370, RCX=0x00000000f8d56050, RDX=0x00007fb99cea80c0
RSP=0x00007fb9e42aa888, RBP=0x00007fb9e42aa9c8, RSI=0x00000000f062e1d8, RDI=0x0000000000000000
R8 =0x00007fb99ce49e80, R9 =0x0000000000000004, R10=0x0000000783084700, R11=0x0000000000000408
R12=0x0000000000000000, R13=0x00007fb9e42aa978, R14=0x00007fb9e42aa9e8, R15=0x00007fb9dc014800
RIP=0x00007fb9c4a00ec7, EFLAGS=0x0000000000010206, CSGSFS=0x002b000000000033, ERR=0x0000000000000004
  TRAPNO=0x000000000000000e

Top of Stack: (sp=0x00007fb9e42aa888)
0x00007fb9e42aa888:   00007fb9c52ab6ac 00007fb900000000
0x00007fb9e42aa898:   00000000f8d53f58 00007fb9e42aa9c8
0x00007fb9e42aa8a8:   00007fb9c52abd44 00007fb9e42aa9c8
0x00007fb9e42aa8b8:   00007fb9c54928fc 00007fb99ce49e80 

Instructions: (pc=0x00007fb9c4a00ec7)
0x00007fb9c4a00dc7:   63 38 00 00 00 00 00 00 00 00 00 00 00 00 00 00
0x00007fb9c4a00dd7:   00 07 00 0e 00 00 00 01 00 8b 46 08 48 c1 e0 03
0x00007fb9c4a00de7:   48 8b 98 08 02 00 00 ff 63 38 00 00 00 00 00 00
0x00007fb9c4a00df7:   00 00 00 00 00 00 00 00 00 00 00 7a 00 07 00 00
0x00007fb9c4a00e07:   00 48 8b 58 08 48 8b 00 44 8b 56 08 49 c1 e2 03
0x00007fb9c4a00e17:   45 8b 9a c4 00 00 00 4f 8d 9c da d0 01 00 00 4d
0x00007fb9c4a00e27:   8b 13 49 3b da 74 15 4d 85 d2 0f 84 4e 00 00 00
0x00007fb9c4a00e37:   49 83 c3 10 4d 8b 13 49 3b da 75 eb 44 8b 56 08
0x00007fb9c4a00e47:   49 c1 e2 03 45 8b 9a c4 00 00 00 4f 8d 9c da d0
0x00007fb9c4a00e57:   01 00 00 4d 8d 12 49 8b 1b 48 3b c3 74 15 48 85
0x00007fb9c4a00e67:   db 0f 84 17 00 00 00 49 83 c3 10 49 8b 1b 48 3b
0x00007fb9c4a00e77:   c3 75 eb 45 8b 5b 08 4b 8b 1c 1a ff 63 38 e9 f6
0x00007fb9c4a00e87:   6e f1 ff 00 00 00 00 00 00 00 00 00 00 00 00 00
0x00007fb9c4a00e97:   00 00 00 00 00 00 00 00 00 00 00 00 00 00 00 00
0x00007fb9c4a00ea7:   00 00 00 00 00 00 00 00 00 0b 00 7b 00 07 00 00
0x00007fb9c4a00eb7:   00 48 8b 58 08 48 8b 00 44 8b 56 08 49 c1 e2 03
0x00007fb9c4a00ec7:   45 8b 9a c4 00 00 00 4f 8d 9c da d0 01 00 00 4d
0x00007fb9c4a00ed7:   8b 13 49 3b da 74 15 4d 85 d2 0f 84 4f 00 00 00
0x00007fb9c4a00ee7:   49 83 c3 10 4d 8b 13 49 3b da 75 eb 44 8b 56 08
0x00007fb9c4a00ef7:   49 c1 e2 03 45 8b 9a c4 00 00 00 4f 8d 9c da d0
0x00007fb9c4a00f07:   01 00 00 4d 8d 52 58 49 8b 1b 48 3b c3 74 15 48
0x00007fb9c4a00f17:   85 db 0f 84 17 00 00 00 49 83 c3 10 49 8b 1b 48
0x00007fb9c4a00f27:   3b c3 75 eb 45 8b 5b 08 4b 8b 1c 1a ff 63 38 e9
0x00007fb9c4a00f37:   45 6e f1 ff 00 00 00 00 00 00 00 00 00 00 00 00
0x00007fb9c4a00f47:   00 00 00 00 00 00 00 00 00 00 00 00 00 00 00 00
0x00007fb9c4a00f57:   00 00 00 00 00 00 00 00 00 02 00 7b 00 07 00 00
0x00007fb9c4a00f67:   00 48 8b 58 08 48 8b 00 44 8b 56 08 49 c1 e2 03
0x00007fb9c4a00f77:   45 8b 9a c4 00 00 00 4f 8d 9c da d0 01 00 00 4d
0x00007fb9c4a00f87:   8b 13 49 3b da 74 15 4d 85 d2 0f 84 4f 00 00 00
0x00007fb9c4a00f97:   49 83 c3 10 4d 8b 13 49 3b da 75 eb 44 8b 56 08
0x00007fb9c4a00fa7:   49 c1 e2 03 45 8b 9a c4 00 00 00 4f 8d 9c da d0
0x00007fb9c4a00fb7:   01 00 00 4d 8d 52 10 49 8b 1b 48 3b c3 74 15 48 


Stack slot to memory mapping:
stack at sp + 0 slots: 0x00007fb9c52ab6ac is at entry_point+1260 in (nmethod*)0x00007fb9c52aaf10
stack at sp + 1 slots: 0x00007fb900000000 is an unknown value
stack at sp + 2 slots: 0x00000000f8d53f58 is an oop: org.jetbrains.kotlin.metadata.ProtoBuf$Type 
{0x00000000f8d53f58} - klass: 'org/jetbrains/kotlin/metadata/ProtoBuf$Type'
stack at sp + 3 slots: 0x00007fb9e42aa9c8 is pointing into the stack for thread: 0x00007fb9dc014800
stack at sp + 4 slots: 0x00007fb9c52abd44 is at entry_point+2948 in (nmethod*)0x00007fb9c52aaf10
stack at sp + 5 slots: 0x00007fb9e42aa9c8 is pointing into the stack for thread: 0x00007fb9dc014800
stack at sp + 6 slots: 0x00007fb9c54928fc is at entry_point+156 in (nmethod*)0x00007fb9c5492690
stack at sp + 7 slots: {method} {0x00007fb99ce49e80} 'isInitialized' '()Z' in 'org/jetbrains/kotlin/metadata/ProtoBuf$TypeParameter'



---------------  P R O C E S S  ---------------

Threads class SMR info:
_java_thread_list=0x00007fb9dc190880, length=9, elements={
0x00007fb9dc014800, 0x00007fb9dc0df000, 0x00007fb9dc0e3800, 0x00007fb9dc0f6000,
0x00007fb9dc0f8000, 0x00007fb9dc0fa000, 0x00007fb9dc0fc000, 0x00007fb9dc173000,
0x00007fb9dc18f000
}

Java Threads: ( => current thread )
=>0x00007fb9dc014800 JavaThread "main" [_thread_in_Java, id=4779, stack(0x00007fb9e41b0000,0x00007fb9e42b1000)]
  0x00007fb9dc0df000 JavaThread "Reference Handler" daemon [_thread_blocked, id=4786, stack(0x00007fb9b4f74000,0x00007fb9b5075000)]
  0x00007fb9dc0e3800 JavaThread "Finalizer" daemon [_thread_blocked, id=4787, stack(0x00007fb9b4e73000,0x00007fb9b4f74000)]
  0x00007fb9dc0f6000 JavaThread "Signal Dispatcher" daemon [_thread_blocked, id=4788, stack(0x00007fb9b4d72000,0x00007fb9b4e73000)]
  0x00007fb9dc0f8000 JavaThread "C2 CompilerThread0" daemon [_thread_in_native, id=4789, stack(0x00007fb9b4c71000,0x00007fb9b4d72000)]
  0x00007fb9dc0fa000 JavaThread "C1 CompilerThread0" daemon [_thread_blocked, id=4790, stack(0x00007fb9b4b70000,0x00007fb9b4c71000)]
  0x00007fb9dc0fc000 JavaThread "Sweeper thread" daemon [_thread_blocked, id=4791, stack(0x00007fb9b4a6f000,0x00007fb9b4b70000)]
  0x00007fb9dc173000 JavaThread "Service Thread" daemon [_thread_blocked, id=4792, stack(0x00007fb9b496e000,0x00007fb9b4a6f000)]
  0x00007fb9dc18f000 JavaThread "Common-Cleaner" daemon [_thread_blocked, id=4794, stack(0x00007fb9b476b000,0x00007fb9b486c000)]

Other Threads:
  0x00007fb9dc0d7000 VMThread "VM Thread" [stack: 0x00007fb9b5077000,0x00007fb9b5177000] [id=4785]
  0x00007fb9dc175800 WatcherThread [stack: 0x00007fb9b486e000,0x00007fb9b496e000] [id=4793]
  0x00007fb9dc03e800 GCTaskThread "GC Thread#0" [stack: 0x00007fb9e06c2000,0x00007fb9e07c2000] [id=4780]
  0x00007fb9ac001000 GCTaskThread "GC Thread#1" [stack: 0x00007fb9b4242000,0x00007fb9b4342000] [id=4795]
  0x00007fb9ac054000 GCTaskThread "GC Thread#2" [stack: 0x00007fb9b4140000,0x00007fb9b4240000] [id=4796]
  0x00007fb9dc049800 ConcurrentGCThread "G1 Main Marker" [stack: 0x00007fb9e00bc000,0x00007fb9e01bc000] [id=4781]
  0x00007fb9dc04b000 ConcurrentGCThread "G1 Conc#0" [stack: 0x00007fb9c4010000,0x00007fb9c4110000] [id=4782]
  0x00007fb9dc076000 ConcurrentGCThread "G1 Refine#0" [stack: 0x00007fb9b5afc000,0x00007fb9b5bfc000] [id=4783]
  0x00007fb9dc078000 ConcurrentGCThread "G1 Young RemSet Sampling" [stack: 0x00007fb9b59fa000,0x00007fb9b5afa000] [id=4784]

Threads with active compile tasks:
C2 CompilerThread0   4009 2899       4       org.jetbrains.kotlin.parsing.AbstractKotlinParsing::at (114 bytes)

VM state:not at safepoint (normal execution)

VM Mutex/Monitor currently owned by a thread: None

Heap address: 0x00000000f0000000, size: 256 MB, Compressed Oops mode: 32-bit
Narrow klass base: 0x0000000000000000, Narrow klass shift: 3
Compressed class space size: 1073741824 Address: 0x0000000100000000

Heap:
 garbage-first heap   total 153600K, used 137147K [0x00000000f0000000, 0x0000000100000000)
  region size 1024K, 4 young (4096K), 1 survivors (1024K)
 Metaspace       used 39938K, capacity 40511K, committed 41216K, reserved 1085440K
  class space    used 4781K, capacity 5005K, committed 5120K, reserved 1048576K
Heap Regions: E=young(eden), S=young(survivor), O=old, HS=humongous(starts), HC=humongous(continues), CS=collection set, F=free, A=archive, TAMS=top-at-mark-start (previous, next)
|   0|0x00000000f0000000, 0x00000000f0100000, 0x00000000f0100000|100%| O|  |TAMS 0x00000000f0100000, 0x00000000f0000000| Complete 
|   1|0x00000000f0100000, 0x00000000f0200000, 0x00000000f0200000|100%| O|  |TAMS 0x00000000f01aba00, 0x00000000f0100000| Complete 
|   2|0x00000000f0200000, 0x00000000f0200000, 0x00000000f0300000|  0%| F|  |TAMS 0x00000000f0200000, 0x00000000f0200000| Untracked 
|   3|0x00000000f0300000, 0x00000000f03eee00, 0x00000000f0400000| 93%| O|  |TAMS 0x00000000f0300000, 0x00000000f0300000| Untracked 
|   4|0x00000000f0400000, 0x00000000f0500000, 0x00000000f0500000|100%| O|  |TAMS 0x00000000f0500000, 0x00000000f0400000| Complete 
|   5|0x00000000f0500000, 0x00000000f0600000, 0x00000000f0600000|100%| O|  |TAMS 0x00000000f0600000, 0x00000000f0500000| Complete 
|   6|0x00000000f0600000, 0x00000000f0700000, 0x00000000f0700000|100%| O|  |TAMS 0x00000000f0700000, 0x00000000f0600000| Complete 
|   7|0x00000000f0700000, 0x00000000f0800000, 0x00000000f0800000|100%| O|  |TAMS 0x00000000f0800000, 0x00000000f0700000| Complete 
|   8|0x00000000f0800000, 0x00000000f0900000, 0x00000000f0900000|100%| O|  |TAMS 0x00000000f0900000, 0x00000000f0800000| Complete 
|   9|0x00000000f0900000, 0x00000000f0a00000, 0x00000000f0a00000|100%| O|  |TAMS 0x00000000f0a00000, 0x00000000f0900000| Untracked 
|  10|0x00000000f0a00000, 0x00000000f0b00000, 0x00000000f0b00000|100%| O|  |TAMS 0x00000000f0b00000, 0x00000000f0a00000| Complete 
|  11|0x00000000f0b00000, 0x00000000f0c00000, 0x00000000f0c00000|100%| O|  |TAMS 0x00000000f0c00000, 0x00000000f0b00000| Untracked 
|  12|0x00000000f0c00000, 0x00000000f0c00000, 0x00000000f0d00000|  0%| F|  |TAMS 0x00000000f0c00000, 0x00000000f0c00000| Untracked 
|  13|0x00000000f0d00000, 0x00000000f0e00000, 0x00000000f0e00000|100%| O|  |TAMS 0x00000000f0e00000, 0x00000000f0d00000| Complete 
|  14|0x00000000f0e00000, 0x00000000f0f00000, 0x00000000f0f00000|100%| O|  |TAMS 0x00000000f0f00000, 0x00000000f0e00000| Complete 
|  15|0x00000000f0f00000, 0x00000000f1000000, 0x00000000f1000000|100%| O|  |TAMS 0x00000000f1000000, 0x00000000f0f00000| Untracked 
|  16|0x00000000f1000000, 0x00000000f1000000, 0x00000000f1100000|  0%| F|  |TAMS 0x00000000f1000000, 0x00000000f1000000| Untracked 
|  17|0x00000000f1100000, 0x00000000f1200000, 0x00000000f1200000|100%| O|  |TAMS 0x00000000f1200000, 0x00000000f1100000| Complete 
|  18|0x00000000f1200000, 0x00000000f1300000, 0x00000000f1300000|100%| O|  |TAMS 0x00000000f1300000, 0x00000000f1200000| Untracked 
|  19|0x00000000f1300000, 0x00000000f1400000, 0x00000000f1400000|100%| O|  |TAMS 0x00000000f1400000, 0x00000000f1300000| Complete 
|  20|0x00000000f1400000, 0x00000000f1500000, 0x00000000f1500000|100%| O|  |TAMS 0x00000000f1500000, 0x00000000f1400000| Untracked 
|  21|0x00000000f1500000, 0x00000000f1600000, 0x00000000f1600000|100%| O|  |TAMS 0x00000000f1600000, 0x00000000f1500000| Untracked 
|  22|0x00000000f1600000, 0x00000000f1700000, 0x00000000f1700000|100%| O|  |TAMS 0x00000000f1700000, 0x00000000f1600000| Untracked 
|  23|0x00000000f1700000, 0x00000000f1800000, 0x00000000f1800000|100%| O|  |TAMS 0x00000000f1800000, 0x00000000f1700000| Untracked 
|  24|0x00000000f1800000, 0x00000000f1900000, 0x00000000f1900000|100%| O|  |TAMS 0x00000000f1900000, 0x00000000f1800000| Complete 
|  25|0x00000000f1900000, 0x00000000f1a00000, 0x00000000f1a00000|100%| O|  |TAMS 0x00000000f1a00000, 0x00000000f1900000| Untracked 
|  26|0x00000000f1a00000, 0x00000000f1b00000, 0x00000000f1b00000|100%| O|  |TAMS 0x00000000f1b00000, 0x00000000f1a00000| Untracked 
|  27|0x00000000f1b00000, 0x00000000f1c00000, 0x00000000f1c00000|100%| O|  |TAMS 0x00000000f1c00000, 0x00000000f1b00000| Complete 
|  28|0x00000000f1c00000, 0x00000000f1d00000, 0x00000000f1d00000|100%| O|  |TAMS 0x00000000f1d00000, 0x00000000f1c00000| Untracked 
|  29|0x00000000f1d00000, 0x00000000f1e00000, 0x00000000f1e00000|100%| O|  |TAMS 0x00000000f1e00000, 0x00000000f1d00000| Untracked 
|  30|0x00000000f1e00000, 0x00000000f1f00000, 0x00000000f1f00000|100%| O|  |TAMS 0x00000000f1f00000, 0x00000000f1e00000| Untracked 
|  31|0x00000000f1f00000, 0x00000000f2000000, 0x00000000f2000000|100%| O|  |TAMS 0x00000000f2000000, 0x00000000f1f00000| Untracked 
|  32|0x00000000f2000000, 0x00000000f2100000, 0x00000000f2100000|100%| O|  |TAMS 0x00000000f2100000, 0x00000000f2000000| Complete 
|  33|0x00000000f2100000, 0x00000000f2200000, 0x00000000f2200000|100%| O|  |TAMS 0x00000000f2200000, 0x00000000f2100000| Untracked 
|  34|0x00000000f2200000, 0x00000000f2300000, 0x00000000f2300000|100%| O|  |TAMS 0x00000000f2300000, 0x00000000f2200000| Complete 
|  35|0x00000000f2300000, 0x00000000f2400000, 0x00000000f2400000|100%| O|  |TAMS 0x00000000f2400000, 0x00000000f2300000| Untracked 
|  36|0x00000000f2400000, 0x00000000f2500000, 0x00000000f2500000|100%| O|  |TAMS 0x00000000f2500000, 0x00000000f2400000| Untracked 
|  37|0x00000000f2500000, 0x00000000f2600000, 0x00000000f2600000|100%| O|  |TAMS 0x00000000f2600000, 0x00000000f2500000| Untracked 
|  38|0x00000000f2600000, 0x00000000f2700000, 0x00000000f2700000|100%| O|  |TAMS 0x00000000f2700000, 0x00000000f2600000| Untracked 
|  39|0x00000000f2700000, 0x00000000f2800000, 0x00000000f2800000|100%| O|  |TAMS 0x00000000f2800000, 0x00000000f2700000| Untracked 
|  40|0x00000000f2800000, 0x00000000f2900000, 0x00000000f2900000|100%| O|  |TAMS 0x00000000f2900000, 0x00000000f2800000| Untracked 
|  41|0x00000000f2900000, 0x00000000f2900000, 0x00000000f2a00000|  0%| F|  |TAMS 0x00000000f2900000, 0x00000000f2900000| Untracked 
|  42|0x00000000f2a00000, 0x00000000f2b00000, 0x00000000f2b00000|100%| O|  |TAMS 0x00000000f2b00000, 0x00000000f2a00000| Complete 
|  43|0x00000000f2b00000, 0x00000000f2c00000, 0x00000000f2c00000|100%| O|  |TAMS 0x00000000f2c00000, 0x00000000f2b00000| Untracked 
|  44|0x00000000f2c00000, 0x00000000f2d00000, 0x00000000f2d00000|100%| O|  |TAMS 0x00000000f2d00000, 0x00000000f2c00000| Complete 
|  45|0x00000000f2d00000, 0x00000000f2e00000, 0x00000000f2e00000|100%| O|  |TAMS 0x00000000f2e00000, 0x00000000f2d00000| Untracked 
|  46|0x00000000f2e00000, 0x00000000f2f00000, 0x00000000f2f00000|100%| O|  |TAMS 0x00000000f2f00000, 0x00000000f2e00000| Complete 
|  47|0x00000000f2f00000, 0x00000000f3000000, 0x00000000f3000000|100%| O|  |TAMS 0x00000000f3000000, 0x00000000f2f00000| Complete 
|  48|0x00000000f3000000, 0x00000000f3100000, 0x00000000f3100000|100%| O|  |TAMS 0x00000000f3100000, 0x00000000f3000000| Untracked 
|  49|0x00000000f3100000, 0x00000000f3200000, 0x00000000f3200000|100%| O|  |TAMS 0x00000000f3200000, 0x00000000f3100000| Complete 
|  50|0x00000000f3200000, 0x00000000f3300000, 0x00000000f3300000|100%| O|  |TAMS 0x00000000f3300000, 0x00000000f3200000| Complete 
|  51|0x00000000f3300000, 0x00000000f3400000, 0x00000000f3400000|100%| O|  |TAMS 0x00000000f3400000, 0x00000000f3300000| Complete 
|  52|0x00000000f3400000, 0x00000000f3500000, 0x00000000f3500000|100%| O|  |TAMS 0x00000000f3500000, 0x00000000f3400000| Complete 
|  53|0x00000000f3500000, 0x00000000f3600000, 0x00000000f3600000|100%| O|  |TAMS 0x00000000f3600000, 0x00000000f3500000| Untracked 
|  54|0x00000000f3600000, 0x00000000f3700000, 0x00000000f3700000|100%| O|  |TAMS 0x00000000f3700000, 0x00000000f3600000| Untracked 
|  55|0x00000000f3700000, 0x00000000f3800000, 0x00000000f3800000|100%| O|  |TAMS 0x00000000f3800000, 0x00000000f3700000| Untracked 
|  56|0x00000000f3800000, 0x00000000f3900000, 0x00000000f3900000|100%| O|  |TAMS 0x00000000f3900000, 0x00000000f3800000| Complete 
|  57|0x00000000f3900000, 0x00000000f3a00000, 0x00000000f3a00000|100%| O|  |TAMS 0x00000000f3a00000, 0x00000000f3900000| Untracked 
|  58|0x00000000f3a00000, 0x00000000f3b00000, 0x00000000f3b00000|100%| O|  |TAMS 0x00000000f3b00000, 0x00000000f3a00000| Untracked 
|  59|0x00000000f3b00000, 0x00000000f3c00000, 0x00000000f3c00000|100%| O|  |TAMS 0x00000000f3c00000, 0x00000000f3b00000| Untracked 
|  60|0x00000000f3c00000, 0x00000000f3d00000, 0x00000000f3d00000|100%| O|  |TAMS 0x00000000f3d00000, 0x00000000f3c00000| Untracked 
|  61|0x00000000f3d00000, 0x00000000f3e00000, 0x00000000f3e00000|100%| O|  |TAMS 0x00000000f3e00000, 0x00000000f3d00000| Untracked 
|  62|0x00000000f3e00000, 0x00000000f3f00000, 0x00000000f3f00000|100%| O|  |TAMS 0x00000000f3f00000, 0x00000000f3e00000| Untracked 
|  63|0x00000000f3f00000, 0x00000000f4000000, 0x00000000f4000000|100%| O|  |TAMS 0x00000000f4000000, 0x00000000f3f00000| Complete 
|  64|0x00000000f4000000, 0x00000000f4100000, 0x00000000f4100000|100%| O|  |TAMS 0x00000000f4100000, 0x00000000f4000000| Untracked 
|  65|0x00000000f4100000, 0x00000000f4200000, 0x00000000f4200000|100%| O|  |TAMS 0x00000000f4200000, 0x00000000f4100000| Untracked 
|  66|0x00000000f4200000, 0x00000000f4300000, 0x00000000f4300000|100%| O|  |TAMS 0x00000000f4300000, 0x00000000f4200000| Untracked 
|  67|0x00000000f4300000, 0x00000000f4400000, 0x00000000f4400000|100%| O|  |TAMS 0x00000000f4400000, 0x00000000f4300000| Untracked 
|  68|0x00000000f4400000, 0x00000000f4500000, 0x00000000f4500000|100%| O|  |TAMS 0x00000000f4500000, 0x00000000f4400000| Untracked 
|  69|0x00000000f4500000, 0x00000000f4600000, 0x00000000f4600000|100%| O|  |TAMS 0x00000000f4600000, 0x00000000f4500000| Untracked 
|  70|0x00000000f4600000, 0x00000000f4700000, 0x00000000f4700000|100%| O|  |TAMS 0x00000000f4700000, 0x00000000f4600000| Untracked 
|  71|0x00000000f4700000, 0x00000000f4800000, 0x00000000f4800000|100%| O|  |TAMS 0x00000000f4800000, 0x00000000f4700000| Untracked 
|  72|0x00000000f4800000, 0x00000000f4900000, 0x00000000f4900000|100%| O|  |TAMS 0x00000000f4900000, 0x00000000f4800000| Untracked 
|  73|0x00000000f4900000, 0x00000000f4a00000, 0x00000000f4a00000|100%| O|  |TAMS 0x00000000f4a00000, 0x00000000f4900000| Untracked 
|  74|0x00000000f4a00000, 0x00000000f4b00000, 0x00000000f4b00000|100%| O|  |TAMS 0x00000000f4b00000, 0x00000000f4a00000| Untracked 
|  75|0x00000000f4b00000, 0x00000000f4c00000, 0x00000000f4c00000|100%| O|  |TAMS 0x00000000f4c00000, 0x00000000f4b00000| Complete 
|  76|0x00000000f4c00000, 0x00000000f4c00000, 0x00000000f4d00000|  0%| F|  |TAMS 0x00000000f4c00000, 0x00000000f4c00000| Untracked 
|  77|0x00000000f4d00000, 0x00000000f4e00000, 0x00000000f4e00000|100%| O|  |TAMS 0x00000000f4e00000, 0x00000000f4d00000| Untracked 
|  78|0x00000000f4e00000, 0x00000000f4f00000, 0x00000000f4f00000|100%| O|  |TAMS 0x00000000f4f00000, 0x00000000f4e00000| Untracked 
|  79|0x00000000f4f00000, 0x00000000f5000000, 0x00000000f5000000|100%| O|  |TAMS 0x00000000f5000000, 0x00000000f4f00000| Complete 
|  80|0x00000000f5000000, 0x00000000f5100000, 0x00000000f5100000|100%| O|  |TAMS 0x00000000f5100000, 0x00000000f5000000| Complete 
|  81|0x00000000f5100000, 0x00000000f5200000, 0x00000000f5200000|100%| O|  |TAMS 0x00000000f5200000, 0x00000000f5100000| Complete 
|  82|0x00000000f5200000, 0x00000000f5300000, 0x00000000f5300000|100%| O|  |TAMS 0x00000000f5300000, 0x00000000f5200000| Untracked 
|  83|0x00000000f5300000, 0x00000000f5400000, 0x00000000f5400000|100%| O|  |TAMS 0x00000000f5400000, 0x00000000f5300000| Complete 
|  84|0x00000000f5400000, 0x00000000f5400000, 0x00000000f5500000|  0%| F|  |TAMS 0x00000000f5400000, 0x00000000f5400000| Untracked 
|  85|0x00000000f5500000, 0x00000000f5600000, 0x00000000f5600000|100%| O|  |TAMS 0x00000000f5600000, 0x00000000f5500000| Untracked 
|  86|0x00000000f5600000, 0x00000000f5700000, 0x00000000f5700000|100%| O|  |TAMS 0x00000000f5700000, 0x00000000f5600000| Complete 
|  87|0x00000000f5700000, 0x00000000f5800000, 0x00000000f5800000|100%| O|  |TAMS 0x00000000f5800000, 0x00000000f5700000| Complete 
|  88|0x00000000f5800000, 0x00000000f5900000, 0x00000000f5900000|100%| O|  |TAMS 0x00000000f5900000, 0x00000000f5800000| Complete 
|  89|0x00000000f5900000, 0x00000000f5a00000, 0x00000000f5a00000|100%| O|  |TAMS 0x00000000f5a00000, 0x00000000f5900000| Complete 
|  90|0x00000000f5a00000, 0x00000000f5b00000, 0x00000000f5b00000|100%| O|  |TAMS 0x00000000f5b00000, 0x00000000f5a00000| Complete 
|  91|0x00000000f5b00000, 0x00000000f5c00000, 0x00000000f5c00000|100%| O|  |TAMS 0x00000000f5c00000, 0x00000000f5b00000| Untracked 
|  92|0x00000000f5c00000, 0x00000000f5d00000, 0x00000000f5d00000|100%| O|  |TAMS 0x00000000f5d00000, 0x00000000f5c00000| Complete 
|  93|0x00000000f5d00000, 0x00000000f5e00000, 0x00000000f5e00000|100%| O|  |TAMS 0x00000000f5e00000, 0x00000000f5d00000| Complete 
|  94|0x00000000f5e00000, 0x00000000f5f00000, 0x00000000f5f00000|100%| O|  |TAMS 0x00000000f5f00000, 0x00000000f5e00000| Complete 
|  95|0x00000000f5f00000, 0x00000000f6000000, 0x00000000f6000000|100%| O|  |TAMS 0x00000000f6000000, 0x00000000f5f00000| Complete 
|  96|0x00000000f6000000, 0x00000000f6100000, 0x00000000f6100000|100%| O|  |TAMS 0x00000000f6100000, 0x00000000f6000000| Complete 
|  97|0x00000000f6100000, 0x00000000f6200000, 0x00000000f6200000|100%| O|  |TAMS 0x00000000f6200000, 0x00000000f6100000| Complete 
|  98|0x00000000f6200000, 0x00000000f6300000, 0x00000000f6300000|100%| O|  |TAMS 0x00000000f6300000, 0x00000000f6200000| Complete 
|  99|0x00000000f6300000, 0x00000000f6400000, 0x00000000f6400000|100%| O|  |TAMS 0x00000000f6400000, 0x00000000f6300000| Complete 
| 100|0x00000000f6400000, 0x00000000f6500000, 0x00000000f6500000|100%| O|  |TAMS 0x00000000f6500000, 0x00000000f6400000| Complete 
| 101|0x00000000f6500000, 0x00000000f6600000, 0x00000000f6600000|100%| O|  |TAMS 0x00000000f6600000, 0x00000000f6500000| Complete 
| 102|0x00000000f6600000, 0x00000000f6700000, 0x00000000f6700000|100%| O|  |TAMS 0x00000000f6700000, 0x00000000f6600000| Complete 
| 103|0x00000000f6700000, 0x00000000f6800000, 0x00000000f6800000|100%| O|  |TAMS 0x00000000f6800000, 0x00000000f6700000| Complete 
| 104|0x00000000f6800000, 0x00000000f6900000, 0x00000000f6900000|100%| O|  |TAMS 0x00000000f6900000, 0x00000000f6800000| Complete 
| 105|0x00000000f6900000, 0x00000000f6a00000, 0x00000000f6a00000|100%| O|  |TAMS 0x00000000f6a00000, 0x00000000f6900000| Complete 
| 106|0x00000000f6a00000, 0x00000000f6b00000, 0x00000000f6b00000|100%| O|  |TAMS 0x00000000f6b00000, 0x00000000f6a00000| Complete 
| 107|0x00000000f6b00000, 0x00000000f6c00000, 0x00000000f6c00000|100%| O|  |TAMS 0x00000000f6c00000, 0x00000000f6b00000| Complete 
| 108|0x00000000f6c00000, 0x00000000f6d00000, 0x00000000f6d00000|100%| O|  |TAMS 0x00000000f6d00000, 0x00000000f6c00000| Complete 
| 109|0x00000000f6d00000, 0x00000000f6e00000, 0x00000000f6e00000|100%| O|  |TAMS 0x00000000f6e00000, 0x00000000f6d00000| Complete 
| 110|0x00000000f6e00000, 0x00000000f6f00000, 0x00000000f6f00000|100%| O|  |TAMS 0x00000000f6f00000, 0x00000000f6e00000| Complete 
| 111|0x00000000f6f00000, 0x00000000f7000000, 0x00000000f7000000|100%| O|  |TAMS 0x00000000f7000000, 0x00000000f6f00000| Complete 
| 112|0x00000000f7000000, 0x00000000f7000000, 0x00000000f7100000|  0%| F|  |TAMS 0x00000000f7000000, 0x00000000f7000000| Untracked 
| 113|0x00000000f7100000, 0x00000000f7200000, 0x00000000f7200000|100%| O|  |TAMS 0x00000000f7200000, 0x00000000f7100000| Untracked 
| 114|0x00000000f7200000, 0x00000000f7300000, 0x00000000f7300000|100%| O|  |TAMS 0x00000000f7300000, 0x00000000f7200000| Untracked 
| 115|0x00000000f7300000, 0x00000000f7400000, 0x00000000f7400000|100%| O|  |TAMS 0x00000000f7400000, 0x00000000f7300000| Complete 
| 116|0x00000000f7400000, 0x00000000f7500000, 0x00000000f7500000|100%| O|  |TAMS 0x00000000f7500000, 0x00000000f7400000| Complete 
| 117|0x00000000f7500000, 0x00000000f7600000, 0x00000000f7600000|100%| O|  |TAMS 0x00000000f7600000, 0x00000000f7500000| Untracked 
| 118|0x00000000f7600000, 0x00000000f7700000, 0x00000000f7700000|100%| O|  |TAMS 0x00000000f7700000, 0x00000000f7600000| Untracked 
| 119|0x00000000f7700000, 0x00000000f7800000, 0x00000000f7800000|100%| O|  |TAMS 0x00000000f7800000, 0x00000000f7700000| Untracked 
| 120|0x00000000f7800000, 0x00000000f7900000, 0x00000000f7900000|100%| O|  |TAMS 0x00000000f7900000, 0x00000000f7800000| Untracked 
| 121|0x00000000f7900000, 0x00000000f7a00000, 0x00000000f7a00000|100%| O|  |TAMS 0x00000000f7a00000, 0x00000000f7900000| Untracked 
| 122|0x00000000f7a00000, 0x00000000f7b00000, 0x00000000f7b00000|100%| O|  |TAMS 0x00000000f7b00000, 0x00000000f7a00000| Complete 
| 123|0x00000000f7b00000, 0x00000000f7b00000, 0x00000000f7c00000|  0%| F|  |TAMS 0x00000000f7b00000, 0x00000000f7b00000| Untracked 
| 124|0x00000000f7c00000, 0x00000000f7c00000, 0x00000000f7d00000|  0%| F|  |TAMS 0x00000000f7c00000, 0x00000000f7c00000| Untracked 
| 125|0x00000000f7d00000, 0x00000000f7d00000, 0x00000000f7e00000|  0%| F|  |TAMS 0x00000000f7d00000, 0x00000000f7d00000| Untracked 
| 126|0x00000000f7e00000, 0x00000000f7f00000, 0x00000000f7f00000|100%| O|  |TAMS 0x00000000f7f00000, 0x00000000f7e00000| Untracked 
| 127|0x00000000f7f00000, 0x00000000f7f00000, 0x00000000f8000000|  0%| F|  |TAMS 0x00000000f7f00000, 0x00000000f7f00000| Untracked 
| 128|0x00000000f8000000, 0x00000000f8100000, 0x00000000f8100000|100%|HS|  |TAMS 0x00000000f8100000, 0x00000000f8000000| Complete 
| 129|0x00000000f8100000, 0x00000000f8200000, 0x00000000f8200000|100%|HC|  |TAMS 0x00000000f8200000, 0x00000000f8100000| Complete 
| 130|0x00000000f8200000, 0x00000000f8300000, 0x00000000f8300000|100%|HC|  |TAMS 0x00000000f8300000, 0x00000000f8200000| Complete 
| 131|0x00000000f8300000, 0x00000000f8400000, 0x00000000f8400000|100%| O|  |TAMS 0x00000000f8400000, 0x00000000f8300000| Untracked 
| 132|0x00000000f8400000, 0x00000000f8500000, 0x00000000f8500000|100%| O|  |TAMS 0x00000000f8500000, 0x00000000f8400000| Untracked 
| 133|0x00000000f8500000, 0x00000000f8600000, 0x00000000f8600000|100%| O|  |TAMS 0x00000000f8600000, 0x00000000f8500000| Complete 
| 134|0x00000000f8600000, 0x00000000f8700000, 0x00000000f8700000|100%| O|  |TAMS 0x00000000f8700000, 0x00000000f8600000| Complete 
| 135|0x00000000f8700000, 0x00000000f8800000, 0x00000000f8800000|100%| O|  |TAMS 0x00000000f8800000, 0x00000000f8700000| Untracked 
| 136|0x00000000f8800000, 0x00000000f8900000, 0x00000000f8900000|100%| S|CS|TAMS 0x00000000f8800000, 0x00000000f8800000| Complete 
| 137|0x00000000f8900000, 0x00000000f8900000, 0x00000000f8a00000|  0%| F|  |TAMS 0x00000000f8900000, 0x00000000f8900000| Untracked 
| 138|0x00000000f8a00000, 0x00000000f8a00000, 0x00000000f8b00000|  0%| F|  |TAMS 0x00000000f8a00000, 0x00000000f8a00000| Untracked 
| 139|0x00000000f8b00000, 0x00000000f8b00000, 0x00000000f8c00000|  0%| F|  |TAMS 0x00000000f8b00000, 0x00000000f8b00000| Untracked 
| 140|0x00000000f8c00000, 0x00000000f8c00000, 0x00000000f8d00000|  0%| F|  |TAMS 0x00000000f8c00000, 0x00000000f8c00000| Untracked 
| 141|0x00000000f8d00000, 0x00000000f8d740d0, 0x00000000f8e00000| 45%| E|  |TAMS 0x00000000f8d00000, 0x00000000f8d00000| Complete 
| 142|0x00000000f8e00000, 0x00000000f8f00000, 0x00000000f8f00000|100%| E|CS|TAMS 0x00000000f8e00000, 0x00000000f8e00000| Complete 
| 143|0x00000000f8f00000, 0x00000000f9000000, 0x00000000f9000000|100%| E|CS|TAMS 0x00000000f8f00000, 0x00000000f8f00000| Complete 
| 144|0x00000000f9000000, 0x00000000f9100000, 0x00000000f9100000|100%| O|  |TAMS 0x00000000f9100000, 0x00000000f9000000| Untracked 
| 145|0x00000000f9100000, 0x00000000f9200000, 0x00000000f9200000|100%| O|  |TAMS 0x00000000f9200000, 0x00000000f9100000| Untracked 
| 146|0x00000000f9200000, 0x00000000f9300000, 0x00000000f9300000|100%| O|  |TAMS 0x00000000f9300000, 0x00000000f9200000| Untracked 
| 147|0x00000000f9300000, 0x00000000f9400000, 0x00000000f9400000|100%| O|  |TAMS 0x00000000f9400000, 0x00000000f9300000| Untracked 
| 148|0x00000000f9400000, 0x00000000f9500000, 0x00000000f9500000|100%| O|  |TAMS 0x00000000f9500000, 0x00000000f9400000| Untracked 
| 149|0x00000000f9500000, 0x00000000f9600000, 0x00000000f9600000|100%| O|  |TAMS 0x00000000f9600000, 0x00000000f9500000| Complete 

Card table byte_map: [0x00007fb9e023c000,0x00007fb9e02bc000] _byte_map_base: 0x00007fb9dfabc000

Marking Bits (Prev, Next): (CMBitMap*) 0x00007fb9dc047810, (CMBitMap*) 0x00007fb9dc0477d8
 Prev Bits: [0x00007fb9c4110000, 0x00007fb9c4510000)
 Next Bits: [0x00007fb9c4510000, 0x00007fb9c4910000)

Polling page: 0x00007fb9e42dc000

Metaspace:

Usage:
  Non-class:     34.67 MB capacity,    34.33 MB (>99%) used,   289.60 KB ( <1%) free+waste,    59.19 KB ( <1%) overhead. 
      Class:      4.89 MB capacity,     4.67 MB ( 96%) used,   197.75 KB (  4%) free+waste,    25.75 KB ( <1%) overhead. 
       Both:     39.56 MB capacity,    39.00 MB ( 99%) used,   487.35 KB (  1%) free+waste,    84.94 KB ( <1%) overhead. 

Virtual space:
  Non-class space:       36.00 MB reserved,      35.25 MB ( 98%) committed 
      Class space:        1.00 GB reserved,       5.00 MB ( <1%) committed 
             Both:        1.04 GB reserved,      40.25 MB (  4%) committed 

Chunk freelists:
   Non-Class:  562.00 KB
       Class:  19.00 KB
        Both:  581.00 KB

MaxMetaspaceSize: unlimited
CompressedClassSpaceSize: 1.00 GB

CodeHeap 'non-profiled nmethods': size=120032Kb used=999Kb max_used=999Kb free=119032Kb
 bounds [0x00007fb9cc3d8000, 0x00007fb9cc648000, 0x00007fb9d3910000]
CodeHeap 'profiled nmethods': size=120032Kb used=6391Kb max_used=6391Kb free=113640Kb
 bounds [0x00007fb9c4ea0000, 0x00007fb9c54e0000, 0x00007fb9cc3d8000]
CodeHeap 'non-nmethods': size=5696Kb used=1131Kb max_used=1148Kb free=4564Kb
 bounds [0x00007fb9c4910000, 0x00007fb9c4b80000, 0x00007fb9c4ea0000]
 total_blobs=4230 nmethods=3182 adapters=395
 compilation: enabled
              stopped_count=0, restarted_count=0
 full_count=0

Compilation events (20 events):
Event: 3.976 Thread 0x00007fb9dc0fa000 3201       2       org.jetbrains.kotlin.metadata.ProtoBuf$Annotation$Builder::build (5 bytes)
Event: 3.976 Thread 0x00007fb9dc0fa000 nmethod 3201 0x00007fb9c54dac90 code [0x00007fb9c54dae60, 0x00007fb9c54db068]
Event: 3.976 Thread 0x00007fb9dc0fa000 3202       2       org.jetbrains.kotlin.metadata.ProtoBuf$Annotation$Builder::build (19 bytes)
Event: 3.977 Thread 0x00007fb9dc0fa000 nmethod 3202 0x00007fb9c54db190 code [0x00007fb9c54db360, 0x00007fb9c54db568]
Event: 3.977 Thread 0x00007fb9dc0fa000 3191       2       org.jetbrains.kotlin.metadata.jvm.JvmProtoBuf$JvmMethodSignature$Builder::build (5 bytes)
Event: 3.977 Thread 0x00007fb9dc0fa000 nmethod 3191 0x00007fb9c54db690 code [0x00007fb9c54db860, 0x00007fb9c54dba78]
Event: 3.977 Thread 0x00007fb9dc0fa000 3192       2       org.jetbrains.kotlin.metadata.jvm.JvmProtoBuf$JvmMethodSignature$Builder::build (19 bytes)
Event: 3.977 Thread 0x00007fb9dc0fa000 nmethod 3192 0x00007fb9c54dbb90 code [0x00007fb9c54dbd60, 0x00007fb9c54dbf78]
Event: 3.977 Thread 0x00007fb9dc0fa000 3193       2       org.jetbrains.kotlin.metadata.jvm.JvmProtoBuf$JvmMethodSignature$Builder::buildPartial (65 bytes)
Event: 3.978 Thread 0x00007fb9dc0fa000 nmethod 3193 0x00007fb9c54dc090 code [0x00007fb9c54dc240, 0x00007fb9c54dc4b0]
Event: 3.978 Thread 0x00007fb9dc0fa000 3189       2       org.jetbrains.kotlin.metadata.jvm.JvmProtoBuf$JvmMethodSignature::hasName (16 bytes)
Event: 3.978 Thread 0x00007fb9dc0fa000 nmethod 3189 0x00007fb9c54dc590 code [0x00007fb9c54dc740, 0x00007fb9c54dc8b0]
Event: 3.978 Thread 0x00007fb9dc0fa000 3190       2       org.jetbrains.kotlin.metadata.jvm.JvmProtoBuf$JvmMethodSignature::hasDesc (16 bytes)
Event: 3.978 Thread 0x00007fb9dc0fa000 nmethod 3190 0x00007fb9c54dc990 code [0x00007fb9c54dcb40, 0x00007fb9c54dccb0]
Event: 3.981 Thread 0x00007fb9dc0fa000 3205       2       org.jetbrains.kotlin.metadata.ProtoBuf$TypeParameter::hasId (16 bytes)
Event: 3.981 Thread 0x00007fb9dc0fa000 nmethod 3205 0x00007fb9c54dcd90 code [0x00007fb9c54dcf40, 0x00007fb9c54dd0b0]
Event: 3.981 Thread 0x00007fb9dc0fa000 3207       2       org.jetbrains.kotlin.metadata.ProtoBuf$TypeParameter::isInitialized (101 bytes)
Event: 3.982 Thread 0x00007fb9dc0fa000 nmethod 3207 0x00007fb9c54dd190 code [0x00007fb9c54dd380, 0x00007fb9c54dd758]
Event: 3.982 Thread 0x00007fb9dc0fa000 3206       2       org.jetbrains.kotlin.metadata.ProtoBuf$TypeParameter::hasName (16 bytes)
Event: 3.982 Thread 0x00007fb9dc0fa000 nmethod 3206 0x00007fb9c54dd910 code [0x00007fb9c54ddac0, 0x00007fb9c54ddc30]

GC Heap History (20 events):
Event: 1.769 GC heap before
{Heap before GC invocations=50 (full 0):
 garbage-first heap   total 147456K, used 138704K [0x00000000f0000000, 0x0000000100000000)
  region size 1024K, 7 young (7168K), 1 survivors (1024K)
 Metaspace       used 12303K, capacity 12484K, committed 12800K, reserved 1060864K
  class space    used 1198K, capacity 1270K, committed 1280K, reserved 1048576K
}
Event: 1.773 GC heap after
{Heap after GC invocations=51 (full 0):
 garbage-first heap   total 147456K, used 135468K [0x00000000f0000000, 0x0000000100000000)
  region size 1024K, 1 young (1024K), 1 survivors (1024K)
 Metaspace       used 12303K, capacity 12484K, committed 12800K, reserved 1060864K
  class space    used 1198K, capacity 1270K, committed 1280K, reserved 1048576K
}
Event: 1.966 GC heap before
{Heap before GC invocations=51 (full 0):
 garbage-first heap   total 147456K, used 141612K [0x00000000f0000000, 0x0000000100000000)
  region size 1024K, 7 young (7168K), 1 survivors (1024K)
 Metaspace       used 14003K, capacity 14148K, committed 14592K, reserved 1062912K
  class space    used 1396K, capacity 1462K, committed 1536K, reserved 1048576K
}
Event: 1.970 GC heap after
{Heap after GC invocations=52 (full 0):
 garbage-first heap   total 147456K, used 136653K [0x00000000f0000000, 0x0000000100000000)
  region size 1024K, 1 young (1024K), 1 survivors (1024K)
 Metaspace       used 14003K, capacity 14148K, committed 14592K, reserved 1062912K
  class space    used 1396K, capacity 1462K, committed 1536K, reserved 1048576K
}
Event: 2.374 GC heap before
{Heap before GC invocations=52 (full 0):
 garbage-first heap   total 147456K, used 141773K [0x00000000f0000000, 0x0000000100000000)
  region size 1024K, 7 young (7168K), 1 survivors (1024K)
 Metaspace       used 20233K, capacity 20581K, committed 20992K, reserved 1069056K
  class space    used 2133K, capacity 2243K, committed 2304K, reserved 1048576K
}
Event: 2.379 GC heap after
{Heap after GC invocations=53 (full 0):
 garbage-first heap   total 147456K, used 138203K [0x00000000f0000000, 0x0000000100000000)
  region size 1024K, 1 young (1024K), 1 survivors (1024K)
 Metaspace       used 20233K, capacity 20581K, committed 20992K, reserved 1069056K
  class space    used 2133K, capacity 2243K, committed 2304K, reserved 1048576K
}
Event: 2.770 GC heap before
{Heap before GC invocations=54 (full 0):
 garbage-first heap   total 147456K, used 143323K [0x00000000f0000000, 0x0000000100000000)
  region size 1024K, 7 young (7168K), 1 survivors (1024K)
 Metaspace       used 24145K, capacity 24617K, committed 24832K, reserved 1071104K
  class space    used 2641K, capacity 2809K, committed 2816K, reserved 1048576K
}
Event: 2.774 GC heap after
{Heap after GC invocations=55 (full 0):
 garbage-first heap   total 147456K, used 138442K [0x00000000f0000000, 0x0000000100000000)
  region size 1024K, 1 young (1024K), 1 survivors (1024K)
 Metaspace       used 24145K, capacity 24617K, committed 24832K, reserved 1071104K
  class space    used 2641K, capacity 2809K, committed 2816K, reserved 1048576K
}
Event: 2.942 GC heap before
{Heap before GC invocations=55 (full 0):
 garbage-first heap   total 147456K, used 144586K [0x00000000f0000000, 0x0000000100000000)
  region size 1024K, 7 young (7168K), 1 survivors (1024K)
 Metaspace       used 25101K, capacity 25673K, committed 26112K, reserved 1073152K
  class space    used 2732K, capacity 2948K, committed 3072K, reserved 1048576K
}
Event: 2.948 GC heap after
{Heap after GC invocations=56 (full 0):
 garbage-first heap   total 153600K, used 130547K [0x00000000f0000000, 0x0000000100000000)
  region size 1024K, 1 young (1024K), 1 survivors (1024K)
 Metaspace       used 25101K, capacity 25673K, committed 26112K, reserved 1073152K
  class space    used 2732K, capacity 2948K, committed 3072K, reserved 1048576K
}
Event: 3.081 GC heap before
{Heap before GC invocations=56 (full 0):
 garbage-first heap   total 153600K, used 136691K [0x00000000f0000000, 0x0000000100000000)
  region size 1024K, 7 young (7168K), 1 survivors (1024K)
 Metaspace       used 27755K, capacity 28274K, committed 28672K, reserved 1075200K
  class space    used 3040K, capacity 3237K, committed 3328K, reserved 1048576K
}
Event: 3.085 GC heap after
{Heap after GC invocations=57 (full 0):
 garbage-first heap   total 153600K, used 132091K [0x00000000f0000000, 0x0000000100000000)
  region size 1024K, 1 young (1024K), 1 survivors (1024K)
 Metaspace       used 27755K, capacity 28274K, committed 28672K, reserved 1075200K
  class space    used 3040K, capacity 3237K, committed 3328K, reserved 1048576K
}
Event: 3.342 GC heap before
{Heap before GC invocations=58 (full 0):
 garbage-first heap   total 153600K, used 138235K [0x00000000f0000000, 0x0000000100000000)
  region size 1024K, 7 young (7168K), 1 survivors (1024K)
 Metaspace       used 33826K, capacity 34358K, committed 35072K, reserved 1079296K
  class space    used 4055K, capacity 4238K, committed 4352K, reserved 1048576K
}
Event: 3.347 GC heap after
{Heap after GC invocations=59 (full 0):
 garbage-first heap   total 153600K, used 134503K [0x00000000f0000000, 0x0000000100000000)
  region size 1024K, 1 young (1024K), 1 survivors (1024K)
 Metaspace       used 33826K, capacity 34358K, committed 35072K, reserved 1079296K
  class space    used 4055K, capacity 4238K, committed 4352K, reserved 1048576K
}
Event: 3.768 GC heap before
{Heap before GC invocations=59 (full 0):
 garbage-first heap   total 153600K, used 140647K [0x00000000f0000000, 0x0000000100000000)
  region size 1024K, 7 young (7168K), 1 survivors (1024K)
 Metaspace       used 38421K, capacity 38954K, committed 39680K, reserved 1083392K
  class space    used 4617K, capacity 4808K, committed 4864K, reserved 1048576K
}
Event: 3.774 GC heap after
{Heap after GC invocations=60 (full 0):
 garbage-first heap   total 153600K, used 132244K [0x00000000f0000000, 0x0000000100000000)
  region size 1024K, 1 young (1024K), 1 survivors (1024K)
 Metaspace       used 38421K, capacity 38954K, committed 39680K, reserved 1083392K
  class space    used 4617K, capacity 4808K, committed 4864K, reserved 1048576K
}
Event: 3.896 GC heap before
{Heap before GC invocations=60 (full 0):
 garbage-first heap   total 153600K, used 135316K [0x00000000f0000000, 0x0000000100000000)
  region size 1024K, 5 young (5120K), 1 survivors (1024K)
 Metaspace       used 39848K, capacity 40447K, committed 41216K, reserved 1085440K
  class space    used 4781K, capacity 5005K, committed 5120K, reserved 1048576K
}
Event: 3.901 GC heap after
{Heap after GC invocations=61 (full 0):
 garbage-first heap   total 153600K, used 133369K [0x00000000f0000000, 0x0000000100000000)
  region size 1024K, 1 young (1024K), 1 survivors (1024K)
 Metaspace       used 39848K, capacity 40447K, committed 41216K, reserved 1085440K
  class space    used 4781K, capacity 5005K, committed 5120K, reserved 1048576K
}
Event: 3.965 GC heap before
{Heap before GC invocations=61 (full 0):
 garbage-first heap   total 153600K, used 140537K [0x00000000f0000000, 0x0000000100000000)
  region size 1024K, 7 young (7168K), 1 survivors (1024K)
 Metaspace       used 39934K, capacity 40511K, committed 41216K, reserved 1085440K
  class space    used 4781K, capacity 5005K, committed 5120K, reserved 1048576K
}
Event: 3.968 GC heap after
{Heap after GC invocations=62 (full 0):
 garbage-first heap   total 153600K, used 135099K [0x00000000f0000000, 0x0000000100000000)
  region size 1024K, 1 young (1024K), 1 survivors (1024K)
 Metaspace       used 39934K, capacity 40511K, committed 41216K, reserved 1085440K
  class space    used 4781K, capacity 5005K, committed 5120K, reserved 1048576K
}

Deoptimization events (20 events):
Event: 3.763 Thread 0x00007fb9dc014800 Uncommon trap: trap_request=0xffffffc6 fr.pc=0x00007fb9cc497424 relative=0x00000000000004a4
Event: 3.763 Thread 0x00007fb9dc014800 Uncommon trap: reason=bimorphic_or_optimized_type_check action=maybe_recompile pc=0x00007fb9cc497424 method=org.jetbrains.kotlin.protobuf.CodedInputStream.tryRefillBuffer(I)Z @ 175 c2
Event: 3.763 Thread 0x00007fb9dc014800 DEOPT PACKING pc=0x00007fb9cc497424 sp=0x00007fb9e42aa900
Event: 3.763 Thread 0x00007fb9dc014800 DEOPT UNPACKING pc=0x00007fb9c4938625 sp=0x00007fb9e42aa7e0 mode 2
Event: 3.765 Thread 0x00007fb9dc014800 Uncommon trap: trap_request=0xffffffc6 fr.pc=0x00007fb9cc497424 relative=0x00000000000004a4
Event: 3.765 Thread 0x00007fb9dc014800 Uncommon trap: reason=bimorphic_or_optimized_type_check action=maybe_recompile pc=0x00007fb9cc497424 method=org.jetbrains.kotlin.protobuf.CodedInputStream.tryRefillBuffer(I)Z @ 175 c2
Event: 3.765 Thread 0x00007fb9dc014800 DEOPT PACKING pc=0x00007fb9cc497424 sp=0x00007fb9e42a9c20
Event: 3.765 Thread 0x00007fb9dc014800 DEOPT UNPACKING pc=0x00007fb9c4938625 sp=0x00007fb9e42a9b08 mode 2
Event: 3.777 Thread 0x00007fb9dc014800 Uncommon trap: trap_request=0xffffffc6 fr.pc=0x00007fb9cc497424 relative=0x00000000000004a4
Event: 3.777 Thread 0x00007fb9dc014800 Uncommon trap: reason=bimorphic_or_optimized_type_check action=maybe_recompile pc=0x00007fb9cc497424 method=org.jetbrains.kotlin.protobuf.CodedInputStream.tryRefillBuffer(I)Z @ 175 c2
Event: 3.777 Thread 0x00007fb9dc014800 DEOPT PACKING pc=0x00007fb9cc497424 sp=0x00007fb9e42aafd0
Event: 3.777 Thread 0x00007fb9dc014800 DEOPT UNPACKING pc=0x00007fb9c4938625 sp=0x00007fb9e42aaeb8 mode 2
Event: 3.788 Thread 0x00007fb9dc014800 Uncommon trap: trap_request=0xffffff4d fr.pc=0x00007fb9cc48aaf8 relative=0x0000000000000698
Event: 3.788 Thread 0x00007fb9dc014800 Uncommon trap: reason=unstable_if action=reinterpret pc=0x00007fb9cc48aaf8 method=org.jetbrains.org.objectweb.asm.ClassReader.readUtf(II[C)Ljava/lang/String; @ 41 c2
Event: 3.788 Thread 0x00007fb9dc014800 DEOPT PACKING pc=0x00007fb9cc48aaf8 sp=0x00007fb9e42aaa90
Event: 3.788 Thread 0x00007fb9dc014800 DEOPT UNPACKING pc=0x00007fb9c4938625 sp=0x00007fb9e42aa9a8 mode 2
Event: 3.790 Thread 0x00007fb9dc014800 Uncommon trap: trap_request=0xffffff4d fr.pc=0x00007fb9cc47c56c relative=0x00000000000005ac
Event: 3.790 Thread 0x00007fb9dc014800 Uncommon trap: reason=unstable_if action=reinterpret pc=0x00007fb9cc47c56c method=org.jetbrains.org.objectweb.asm.ClassReader.readUtf(II[C)Ljava/lang/String; @ 41 c2
Event: 3.790 Thread 0x00007fb9dc014800 DEOPT PACKING pc=0x00007fb9cc47c56c sp=0x00007fb9e42aa9d0
Event: 3.790 Thread 0x00007fb9dc014800 DEOPT UNPACKING pc=0x00007fb9c4938625 sp=0x00007fb9e42aa998 mode 2

Classes redefined (0 events):
No events

Internal exceptions (17 events):
Event: 1.387 Thread 0x00007fb9dc014800 Exception <a 'java/lang/NoSuchMethodError'{0x00000000f8c918b8}: 'int java.lang.invoke.DirectMethodHandle$Holder.invokeSpecialIFC(java.lang.Object, java.lang.Object, int)'> (0x00000000f8c918b8) thrown at [/home/jenkins/workspace/build-scripts/jobs/jdk11u/j
Event: 2.241 Thread 0x00007fb9dc014800 Exception <a 'java/lang/NoSuchMethodError'{0x00000000f8c416f8}: 'int java.lang.invoke.DirectMethodHandle$Holder.invokeStaticInit(java.lang.Object, java.lang.Object, java.lang.Object)'> (0x00000000f8c416f8) thrown at [/home/jenkins/workspace/build-scripts/
Event: 2.244 Thread 0x00007fb9dc014800 Exception <a 'java/lang/NoSuchMethodError'{0x00000000f8c4c4f8}: 'java.lang.Object java.lang.invoke.DirectMethodHandle$Holder.invokeStaticInit(java.lang.Object, int)'> (0x00000000f8c4c4f8) thrown at [/home/jenkins/workspace/build-scripts/jobs/jdk11u/jdk11u
Event: 2.257 Thread 0x00007fb9dc014800 Exception <a 'java/lang/NoSuchMethodError'{0x00000000f8c756e8}: 'long java.lang.invoke.DirectMethodHandle$Holder.invokeStatic(java.lang.Object)'> (0x00000000f8c756e8) thrown at [/home/jenkins/workspace/build-scripts/jobs/jdk11u/jdk11u-linux-x64-hotspot/wo
Event: 2.257 Thread 0x00007fb9dc014800 Exception <a 'java/lang/NoSuchMethodError'{0x00000000f8c78540}: 'long java.lang.invoke.DirectMethodHandle$Holder.invokeStaticInit(java.lang.Object)'> (0x00000000f8c78540) thrown at [/home/jenkins/workspace/build-scripts/jobs/jdk11u/jdk11u-linux-x64-hotspo
Event: 2.292 Thread 0x00007fb9dc014800 Exception <a 'java/lang/NoSuchMethodError'{0x00000000f8b74720}: 'int java.lang.invoke.DirectMethodHandle$Holder.invokeStaticInit(java.lang.Object, java.lang.Object)'> (0x00000000f8b74720) thrown at [/home/jenkins/workspace/build-scripts/jobs/jdk11u/jdk11u
Event: 2.344 Thread 0x00007fb9dc014800 Exception <a 'java/lang/NoSuchMethodError'{0x00000000f8a49348}: 'java.lang.Object java.lang.invoke.DirectMethodHandle$Holder.invokeStatic(java.lang.Object, java.lang.Object, java.lang.Object, java.lang.Object, java.lang.Object, java.lang.Object, java.lang
Event: 2.346 Thread 0x00007fb9dc014800 Exception <a 'java/lang/NoSuchMethodError'{0x00000000f8a57350}: 'java.lang.Object java.lang.invoke.DirectMethodHandle$Holder.invokeStatic(java.lang.Object, java.lang.Object, java.lang.Object, java.lang.Object, java.lang.Object, java.lang.Object, java.lang
Event: 2.348 Thread 0x00007fb9dc014800 Exception <a 'java/lang/NoSuchMethodError'{0x00000000f8a66e08}: 'java.lang.Object java.lang.invoke.DirectMethodHandle$Holder.invokeSpecial(java.lang.Object, java.lang.Object, int, int, java.lang.Object, java.lang.Object, java.lang.Object)'> (0x00000000f8a
Event: 2.348 Thread 0x00007fb9dc014800 Exception <a 'java/lang/NoSuchMethodError'{0x00000000f8a6a640}: 'java.lang.Object java.lang.invoke.DelegatingMethodHandle$Holder.reinvoke_L(java.lang.Object, int, int, java.lang.Object, java.lang.Object, java.lang.Object)'> (0x00000000f8a6a640) thrown at 
Event: 2.349 Thread 0x00007fb9dc014800 Exception <a 'java/lang/NoSuchMethodError'{0x00000000f8a6ed68}: 'java.lang.Object java.lang.invoke.DirectMethodHandle$Holder.invokeStatic(java.lang.Object, java.lang.Object, java.lang.Object, java.lang.Object, int)'> (0x00000000f8a6ed68) thrown at [/home/
Event: 2.428 Thread 0x00007fb9dc014800 Exception <a 'java/lang/NoSuchMethodError'{0x00000000f8fa23b0}: 'void java.lang.invoke.DirectMethodHandle$Holder.invokeSpecial(java.lang.Object, java.lang.Object)'> (0x00000000f8fa23b0) thrown at [/home/jenkins/workspace/build-scripts/jobs/jdk11u/jdk11u-l
Event: 2.441 Thread 0x00007fb9dc014800 Exception <a 'java/lang/NoSuchMethodError'{0x00000000f8fd0838}: 'void java.lang.invoke.DirectMethodHandle$Holder.invokeStaticInit(java.lang.Object, java.lang.Object)'> (0x00000000f8fd0838) thrown at [/home/jenkins/workspace/build-scripts/jobs/jdk11u/jdk11
Event: 2.447 Thread 0x00007fb9dc014800 Exception <a 'java/lang/NoSuchMethodError'{0x00000000f8ff8d58}: 'void java.lang.invoke.DirectMethodHandle$Holder.invokeInterface(java.lang.Object, java.lang.Object)'> (0x00000000f8ff8d58) thrown at [/home/jenkins/workspace/build-scripts/jobs/jdk11u/jdk11u
Event: 2.664 Thread 0x00007fb9dc014800 Exception <a 'java/lang/NoSuchMethodError'{0x00000000f8a52318}: 'int java.lang.invoke.DirectMethodHandle$Holder.invokeVirtual(java.lang.Object, java.lang.Object)'> (0x00000000f8a52318) thrown at [/home/jenkins/workspace/build-scripts/jobs/jdk11u/jdk11u-li
Event: 3.107 Thread 0x00007fb9dc014800 Exception <a 'java/lang/NoSuchMethodError'{0x00000000f8f7e5f0}: 'java.lang.Object java.lang.invoke.DirectMethodHandle$Holder.invokeVirtual(java.lang.Object, java.lang.Object, java.lang.Object)'> (0x00000000f8f7e5f0) thrown at [/home/jenkins/workspace/buil
Event: 3.558 Thread 0x00007fb9dc014800 Exception <a 'java/lang/NoSuchMethodError'{0x00000000f8c83e98}: 'java.lang.Object java.lang.invoke.Invokers$Holder.linkToTargetMethod(java.lang.Object, int, java.lang.Object)'> (0x00000000f8c83e98) thrown at [/home/jenkins/workspace/build-scripts/jobs/jdk

Events (20 events):
Event: 3.885 loading class com/google/common/collect/Iterators$9
Event: 3.885 loading class com/google/common/collect/Iterators$9 done
Event: 3.885 loading class org/jetbrains/kotlin/utils/StringsKt
Event: 3.885 loading class org/jetbrains/kotlin/utils/StringsKt done
Event: 3.886 loading class org/jetbrains/kotlin/descriptors/PackageViewDescriptor$DefaultImpls
Event: 3.886 loading class org/jetbrains/kotlin/descriptors/PackageViewDescriptor$DefaultImpls done
Event: 3.889 loading class org/jetbrains/kotlin/resolve/LazyExplicitImportScope
Event: 3.889 loading class org/jetbrains/kotlin/resolve/LazyExplicitImportScope done
Event: 3.890 loading class org/jetbrains/kotlin/resolve/QualifiedExpressionResolver$processSingleImport$1
Event: 3.890 loading class org/jetbrains/kotlin/resolve/QualifiedExpressionResolver$processSingleImport$1 done
Event: 3.895 loading class org/jetbrains/kotlin/load/kotlin/FileBasedKotlinClass$OuterAndInnerName
Event: 3.895 loading class org/jetbrains/kotlin/load/kotlin/FileBasedKotlinClass$OuterAndInnerName done
Event: 3.896 Executing VM operation: G1CollectForAllocation
Event: 3.901 Executing VM operation: G1CollectForAllocation done
Event: 3.945 Executing VM operation: CGC_Operation
Event: 3.951 Executing VM operation: CGC_Operation done
Event: 3.965 Executing VM operation: G1CollectForAllocation
Event: 3.968 Executing VM operation: G1CollectForAllocation done
Event: 3.980 Executing VM operation: CGC_Operation
Event: 3.980 Executing VM operation: CGC_Operation done


Dynamic libraries:
00400000-00401000 r-xp 00000000 08:02 13773461                           /home/ammar/.sdkman/candidates/java/11.0.6.hs-adpt/bin/java
00600000-00601000 r--p 00000000 08:02 13773461                           /home/ammar/.sdkman/candidates/java/11.0.6.hs-adpt/bin/java
00601000-00602000 rw-p 00001000 08:02 13773461                           /home/ammar/.sdkman/candidates/java/11.0.6.hs-adpt/bin/java
024bf000-024e0000 rw-p 00000000 00:00 0                                  [heap]
f0000000-f9600000 rw-p 00000000 00:00 0 
f9600000-100000000 ---p 00000000 00:00 0 
100000000-100500000 rw-p 00000000 00:00 0 
100500000-140000000 ---p 00000000 00:00 0 
7fb96f910000-7fb978000000 r--s 00000000 08:02 13773507                   /home/ammar/.sdkman/candidates/java/11.0.6.hs-adpt/lib/modules
7fb978000000-7fb978029000 rw-p 00000000 00:00 0 
7fb978029000-7fb97c000000 ---p 00000000 00:00 0 
7fb97c000000-7fb97c021000 rw-p 00000000 00:00 0 
7fb97c021000-7fb980000000 ---p 00000000 00:00 0 
7fb980000000-7fb980021000 rw-p 00000000 00:00 0 
7fb980021000-7fb984000000 ---p 00000000 00:00 0 
7fb984000000-7fb984021000 rw-p 00000000 00:00 0 
7fb984021000-7fb988000000 ---p 00000000 00:00 0 
7fb988000000-7fb988021000 rw-p 00000000 00:00 0 
7fb988021000-7fb98c000000 ---p 00000000 00:00 0 
7fb98c000000-7fb98c021000 rw-p 00000000 00:00 0 
7fb98c021000-7fb990000000 ---p 00000000 00:00 0 
7fb990000000-7fb9914e8000 rw-p 00000000 00:00 0 
7fb9914e8000-7fb994000000 ---p 00000000 00:00 0 
7fb994000000-7fb99449e000 rw-p 00000000 00:00 0 
7fb99449e000-7fb998000000 ---p 00000000 00:00 0 
7fb998000000-7fb998021000 rw-p 00000000 00:00 0 
7fb998021000-7fb99c000000 ---p 00000000 00:00 0 
7fb99c417000-7fb99c557000 rw-p 00000000 00:00 0 
7fb99c557000-7fb99c617000 ---p 00000000 00:00 0 
7fb99c617000-7fb99c817000 rw-p 00000000 00:00 0 
7fb99c817000-7fb99ca17000 rw-p 00000000 00:00 0 
7fb99ca17000-7fb99cc17000 rw-p 00000000 00:00 0 
7fb99cc17000-7fb99ce17000 rw-p 00000000 00:00 0 
7fb99ce17000-7fb99d017000 rw-p 00000000 00:00 0 
7fb99d017000-7fb99d217000 rw-p 00000000 00:00 0 
7fb99d217000-7fb99d417000 rw-p 00000000 00:00 0 
7fb99d417000-7fb99d617000 rw-p 00000000 00:00 0 
7fb99d617000-7fb99d817000 rw-p 00000000 00:00 0 
7fb99d817000-7fb99da17000 rw-p 00000000 00:00 0 
7fb99da17000-7fb99dc17000 rw-p 00000000 00:00 0 
7fb99dc17000-7fb99de17000 rw-p 00000000 00:00 0 
7fb99de17000-7fb99e017000 rw-p 00000000 00:00 0 
7fb99e017000-7fb99e019000 r-xp 00000000 08:02 4462570                    /lib/x86_64-linux-gnu/libutil-2.27.so
7fb99e019000-7fb99e218000 ---p 00002000 08:02 4462570                    /lib/x86_64-linux-gnu/libutil-2.27.so
7fb99e218000-7fb99e219000 r--p 00001000 08:02 4462570                    /lib/x86_64-linux-gnu/libutil-2.27.so
7fb99e219000-7fb99e21a000 rw-p 00002000 08:02 4462570                    /lib/x86_64-linux-gnu/libutil-2.27.so
7fb99e21a000-7fb99e21d000 r-xp 00000000 08:02 7209063                    /tmp/libjansi-12979206282018013846.so
7fb99e21d000-7fb99e41c000 ---p 00003000 08:02 7209063                    /tmp/libjansi-12979206282018013846.so
7fb99e41c000-7fb99e41d000 rw-p 00002000 08:02 7209063                    /tmp/libjansi-12979206282018013846.so
7fb99e41d000-7fb9a0000000 r--p 00000000 08:02 17048549                   /usr/lib/locale/locale-archive
7fb9a0000000-7fb9a0021000 rw-p 00000000 00:00 0 
7fb9a0021000-7fb9a4000000 ---p 00000000 00:00 0 
7fb9a4000000-7fb9a4021000 rw-p 00000000 00:00 0 
7fb9a4021000-7fb9a8000000 ---p 00000000 00:00 0 
7fb9a8000000-7fb9a8021000 rw-p 00000000 00:00 0 
7fb9a8021000-7fb9ac000000 ---p 00000000 00:00 0 
7fb9ac000000-7fb9ac0b2000 rw-p 00000000 00:00 0 
7fb9ac0b2000-7fb9b0000000 ---p 00000000 00:00 0 
7fb9b0000000-7fb9b0021000 rw-p 00000000 00:00 0 
7fb9b0021000-7fb9b4000000 ---p 00000000 00:00 0 
7fb9b413e000-7fb9b413f000 ---p 00000000 00:00 0 
7fb9b413f000-7fb9b4240000 rw-p 00000000 00:00 0 
7fb9b4240000-7fb9b4241000 ---p 00000000 00:00 0 
7fb9b4241000-7fb9b4342000 rw-p 00000000 00:00 0 
7fb9b4342000-7fb9b4359000 r-xp 00000000 08:02 13773488                   /home/ammar/.sdkman/candidates/java/11.0.6.hs-adpt/lib/libnet.so
7fb9b4359000-7fb9b4558000 ---p 00017000 08:02 13773488                   /home/ammar/.sdkman/candidates/java/11.0.6.hs-adpt/lib/libnet.so
7fb9b4558000-7fb9b4559000 r--p 00016000 08:02 13773488                   /home/ammar/.sdkman/candidates/java/11.0.6.hs-adpt/lib/libnet.so
7fb9b4559000-7fb9b455a000 rw-p 00017000 08:02 13773488                   /home/ammar/.sdkman/candidates/java/11.0.6.hs-adpt/lib/libnet.so
7fb9b455a000-7fb9b456a000 r-xp 00000000 08:02 13773544                   /home/ammar/.sdkman/candidates/java/11.0.6.hs-adpt/lib/libnio.so
7fb9b456a000-7fb9b4769000 ---p 00010000 08:02 13773544                   /home/ammar/.sdkman/candidates/java/11.0.6.hs-adpt/lib/libnio.so
7fb9b4769000-7fb9b476a000 r--p 0000f000 08:02 13773544                   /home/ammar/.sdkman/candidates/java/11.0.6.hs-adpt/lib/libnio.so
7fb9b476a000-7fb9b476b000 rw-p 00010000 08:02 13773544                   /home/ammar/.sdkman/candidates/java/11.0.6.hs-adpt/lib/libnio.so
7fb9b476b000-7fb9b476f000 ---p 00000000 00:00 0 
7fb9b476f000-7fb9b486c000 rw-p 00000000 00:00 0 
7fb9b486c000-7fb9b486d000 ---p 00000000 00:00 0 
7fb9b486d000-7fb9b496e000 rw-p 00000000 00:00 0 
7fb9b496e000-7fb9b4972000 ---p 00000000 00:00 0 
7fb9b4972000-7fb9b4a6f000 rw-p 00000000 00:00 0 
7fb9b4a6f000-7fb9b4a73000 ---p 00000000 00:00 0 
7fb9b4a73000-7fb9b4b70000 rw-p 00000000 00:00 0 
7fb9b4b70000-7fb9b4b74000 ---p 00000000 00:00 0 
7fb9b4b74000-7fb9b4c71000 rw-p 00000000 00:00 0 
7fb9b4c71000-7fb9b4c75000 ---p 00000000 00:00 0 
7fb9b4c75000-7fb9b4d72000 rw-p 00000000 00:00 0 
7fb9b4d72000-7fb9b4d76000 ---p 00000000 00:00 0 
7fb9b4d76000-7fb9b4e73000 rw-p 00000000 00:00 0 
7fb9b4e73000-7fb9b4e77000 ---p 00000000 00:00 0 
7fb9b4e77000-7fb9b4f74000 rw-p 00000000 00:00 0 
7fb9b4f74000-7fb9b4f78000 ---p 00000000 00:00 0 
7fb9b4f78000-7fb9b5075000 rw-p 00000000 00:00 0 
7fb9b5075000-7fb9b5076000 ---p 00000000 00:00 0 
7fb9b5076000-7fb9b59f8000 rw-p 00000000 00:00 0 
7fb9b59f8000-7fb9b59f9000 ---p 00000000 00:00 0 
7fb9b59f9000-7fb9b5afa000 rw-p 00000000 00:00 0 
7fb9b5afa000-7fb9b5afb000 ---p 00000000 00:00 0 
7fb9b5afb000-7fb9b8000000 rw-p 00000000 00:00 0 
7fb9b8000000-7fb9b8021000 rw-p 00000000 00:00 0 
7fb9b8021000-7fb9bc000000 ---p 00000000 00:00 0 
7fb9bc000000-7fb9bc06c000 rw-p 00000000 00:00 0 
7fb9bc06c000-7fb9c0000000 ---p 00000000 00:00 0 
7fb9c0000000-7fb9c0021000 rw-p 00000000 00:00 0 
7fb9c0021000-7fb9c4000000 ---p 00000000 00:00 0 
7fb9c400e000-7fb9c400f000 ---p 00000000 00:00 0 
7fb9c400f000-7fb9c4368000 rw-p 00000000 00:00 0 
7fb9c4368000-7fb9c4510000 ---p 00000000 00:00 0 
7fb9c4510000-7fb9c4768000 rw-p 00000000 00:00 0 
7fb9c4768000-7fb9c4910000 ---p 00000000 00:00 0 
7fb9c4910000-7fb9c4b80000 rwxp 00000000 00:00 0 
7fb9c4b80000-7fb9c4ea0000 ---p 00000000 00:00 0 
7fb9c4ea0000-7fb9c54e0000 rwxp 00000000 00:00 0 
7fb9c54e0000-7fb9cc3d8000 ---p 00000000 00:00 0 
7fb9cc3d8000-7fb9cc648000 rwxp 00000000 00:00 0 
7fb9cc648000-7fb9d3910000 ---p 00000000 00:00 0 
7fb9d3910000-7fb9dc000000 r--s 00000000 08:02 13773507                   /home/ammar/.sdkman/candidates/java/11.0.6.hs-adpt/lib/modules
7fb9dc000000-7fb9dce58000 rw-p 00000000 00:00 0 
7fb9dce58000-7fb9e0000000 ---p 00000000 00:00 0 
7fb9e0006000-7fb9e00ba000 rw-p 00000000 00:00 0 
7fb9e00ba000-7fb9e00bb000 ---p 00000000 00:00 0 
7fb9e00bb000-7fb9e0207000 rw-p 00000000 00:00 0 
7fb9e0207000-7fb9e023c000 ---p 00000000 00:00 0 
7fb9e023c000-7fb9e0287000 rw-p 00000000 00:00 0 
7fb9e0287000-7fb9e02bc000 ---p 00000000 00:00 0 
7fb9e02bc000-7fb9e06c0000 rw-p 00000000 00:00 0 
7fb9e06c0000-7fb9e06c1000 ---p 00000000 00:00 0 
7fb9e06c1000-7fb9e07c7000 rw-p 00000000 00:00 0 
7fb9e07c7000-7fb9e08ad000 ---p 00000000 00:00 0 
7fb9e08ad000-7fb9e08ba000 rw-p 00000000 00:00 0 
7fb9e08ba000-7fb9e0998000 ---p 00000000 00:00 0 
7fb9e0998000-7fb9e09b3000 r-xp 00000000 08:02 13773494                   /home/ammar/.sdkman/candidates/java/11.0.6.hs-adpt/lib/libjimage.so
7fb9e09b3000-7fb9e0bb3000 ---p 0001b000 08:02 13773494                   /home/ammar/.sdkman/candidates/java/11.0.6.hs-adpt/lib/libjimage.so
7fb9e0bb3000-7fb9e0bb5000 r--p 0001b000 08:02 13773494                   /home/ammar/.sdkman/candidates/java/11.0.6.hs-adpt/lib/libjimage.so
7fb9e0bb5000-7fb9e0bb6000 rw-p 0001d000 08:02 13773494                   /home/ammar/.sdkman/candidates/java/11.0.6.hs-adpt/lib/libjimage.so
7fb9e0bb6000-7fb9e0bbd000 r-xp 00000000 08:02 13773536                   /home/ammar/.sdkman/candidates/java/11.0.6.hs-adpt/lib/libzip.so
7fb9e0bbd000-7fb9e0dbc000 ---p 00007000 08:02 13773536                   /home/ammar/.sdkman/candidates/java/11.0.6.hs-adpt/lib/libzip.so
7fb9e0dbc000-7fb9e0dbd000 r--p 00006000 08:02 13773536                   /home/ammar/.sdkman/candidates/java/11.0.6.hs-adpt/lib/libzip.so
7fb9e0dbd000-7fb9e0dbe000 rw-p 00007000 08:02 13773536                   /home/ammar/.sdkman/candidates/java/11.0.6.hs-adpt/lib/libzip.so
7fb9e0dbe000-7fb9e0dc9000 r-xp 00000000 08:02 4462561                    /lib/x86_64-linux-gnu/libnss_files-2.27.so
7fb9e0dc9000-7fb9e0fc8000 ---p 0000b000 08:02 4462561                    /lib/x86_64-linux-gnu/libnss_files-2.27.so
7fb9e0fc8000-7fb9e0fc9000 r--p 0000a000 08:02 4462561                    /lib/x86_64-linux-gnu/libnss_files-2.27.so
7fb9e0fc9000-7fb9e0fca000 rw-p 0000b000 08:02 4462561                    /lib/x86_64-linux-gnu/libnss_files-2.27.so
7fb9e0fca000-7fb9e0fd0000 rw-p 00000000 00:00 0 
7fb9e0fd0000-7fb9e0fe7000 r-xp 00000000 08:02 4462558                    /lib/x86_64-linux-gnu/libnsl-2.27.so
7fb9e0fe7000-7fb9e11e6000 ---p 00017000 08:02 4462558                    /lib/x86_64-linux-gnu/libnsl-2.27.so
7fb9e11e6000-7fb9e11e7000 r--p 00016000 08:02 4462558                    /lib/x86_64-linux-gnu/libnsl-2.27.so
7fb9e11e7000-7fb9e11e8000 rw-p 00017000 08:02 4462558                    /lib/x86_64-linux-gnu/libnsl-2.27.so
7fb9e11e8000-7fb9e11ea000 rw-p 00000000 00:00 0 
7fb9e11ea000-7fb9e11f5000 r-xp 00000000 08:02 4462563                    /lib/x86_64-linux-gnu/libnss_nis-2.27.so
7fb9e11f5000-7fb9e13f4000 ---p 0000b000 08:02 4462563                    /lib/x86_64-linux-gnu/libnss_nis-2.27.so
7fb9e13f4000-7fb9e13f5000 r--p 0000a000 08:02 4462563                    /lib/x86_64-linux-gnu/libnss_nis-2.27.so
7fb9e13f5000-7fb9e13f6000 rw-p 0000b000 08:02 4462563                    /lib/x86_64-linux-gnu/libnss_nis-2.27.so
7fb9e13f6000-7fb9e13fe000 r-xp 00000000 08:02 4462559                    /lib/x86_64-linux-gnu/libnss_compat-2.27.so
7fb9e13fe000-7fb9e15fe000 ---p 00008000 08:02 4462559                    /lib/x86_64-linux-gnu/libnss_compat-2.27.so
7fb9e15fe000-7fb9e15ff000 r--p 00008000 08:02 4462559                    /lib/x86_64-linux-gnu/libnss_compat-2.27.so
7fb9e15ff000-7fb9e1600000 rw-p 00009000 08:02 4462559                    /lib/x86_64-linux-gnu/libnss_compat-2.27.so
7fb9e1600000-7fb9e162a000 r-xp 00000000 08:02 13773511                   /home/ammar/.sdkman/candidates/java/11.0.6.hs-adpt/lib/libjava.so
7fb9e162a000-7fb9e1829000 ---p 0002a000 08:02 13773511                   /home/ammar/.sdkman/candidates/java/11.0.6.hs-adpt/lib/libjava.so
7fb9e1829000-7fb9e182a000 r--p 00029000 08:02 13773511                   /home/ammar/.sdkman/candidates/java/11.0.6.hs-adpt/lib/libjava.so
7fb9e182a000-7fb9e182c000 rw-p 0002a000 08:02 13773511                   /home/ammar/.sdkman/candidates/java/11.0.6.hs-adpt/lib/libjava.so
7fb9e182c000-7fb9e183d000 r-xp 00000000 08:02 13773490                   /home/ammar/.sdkman/candidates/java/11.0.6.hs-adpt/lib/libverify.so
7fb9e183d000-7fb9e1a3c000 ---p 00011000 08:02 13773490                   /home/ammar/.sdkman/candidates/java/11.0.6.hs-adpt/lib/libverify.so
7fb9e1a3c000-7fb9e1a3e000 r--p 00010000 08:02 13773490                   /home/ammar/.sdkman/candidates/java/11.0.6.hs-adpt/lib/libverify.so
7fb9e1a3e000-7fb9e1a3f000 rw-p 00012000 08:02 13773490                   /home/ammar/.sdkman/candidates/java/11.0.6.hs-adpt/lib/libverify.so
7fb9e1a3f000-7fb9e1a46000 r-xp 00000000 08:02 4462568                    /lib/x86_64-linux-gnu/librt-2.27.so
7fb9e1a46000-7fb9e1c45000 ---p 00007000 08:02 4462568                    /lib/x86_64-linux-gnu/librt-2.27.so
7fb9e1c45000-7fb9e1c46000 r--p 00006000 08:02 4462568                    /lib/x86_64-linux-gnu/librt-2.27.so
7fb9e1c46000-7fb9e1c47000 rw-p 00007000 08:02 4462568                    /lib/x86_64-linux-gnu/librt-2.27.so
7fb9e1c47000-7fb9e1de4000 r-xp 00000000 08:02 4462555                    /lib/x86_64-linux-gnu/libm-2.27.so
7fb9e1de4000-7fb9e1fe3000 ---p 0019d000 08:02 4462555                    /lib/x86_64-linux-gnu/libm-2.27.so
7fb9e1fe3000-7fb9e1fe4000 r--p 0019c000 08:02 4462555                    /lib/x86_64-linux-gnu/libm-2.27.so
7fb9e1fe4000-7fb9e1fe5000 rw-p 0019d000 08:02 4462555                    /lib/x86_64-linux-gnu/libm-2.27.so
7fb9e1fe5000-7fb9e3129000 r-xp 00000000 08:02 13773533                   /home/ammar/.sdkman/candidates/java/11.0.6.hs-adpt/lib/server/libjvm.so
7fb9e3129000-7fb9e3328000 ---p 01144000 08:02 13773533                   /home/ammar/.sdkman/candidates/java/11.0.6.hs-adpt/lib/server/libjvm.so
7fb9e3328000-7fb9e33e7000 r--p 01143000 08:02 13773533                   /home/ammar/.sdkman/candidates/java/11.0.6.hs-adpt/lib/server/libjvm.so
7fb9e33e7000-7fb9e3421000 rw-p 01202000 08:02 13773533                   /home/ammar/.sdkman/candidates/java/11.0.6.hs-adpt/lib/server/libjvm.so
7fb9e3421000-7fb9e3477000 rw-p 00000000 00:00 0 
7fb9e3477000-7fb9e365e000 r-xp 00000000 08:02 4462551                    /lib/x86_64-linux-gnu/libc-2.27.so
7fb9e365e000-7fb9e385e000 ---p 001e7000 08:02 4462551                    /lib/x86_64-linux-gnu/libc-2.27.so
7fb9e385e000-7fb9e3862000 r--p 001e7000 08:02 4462551                    /lib/x86_64-linux-gnu/libc-2.27.so
7fb9e3862000-7fb9e3864000 rw-p 001eb000 08:02 4462551                    /lib/x86_64-linux-gnu/libc-2.27.so
7fb9e3864000-7fb9e3868000 rw-p 00000000 00:00 0 
7fb9e3868000-7fb9e386b000 r-xp 00000000 08:02 4462554                    /lib/x86_64-linux-gnu/libdl-2.27.so
7fb9e386b000-7fb9e3a6a000 ---p 00003000 08:02 4462554                    /lib/x86_64-linux-gnu/libdl-2.27.so
7fb9e3a6a000-7fb9e3a6b000 r--p 00002000 08:02 4462554                    /lib/x86_64-linux-gnu/libdl-2.27.so
7fb9e3a6b000-7fb9e3a6c000 rw-p 00003000 08:02 4462554                    /lib/x86_64-linux-gnu/libdl-2.27.so
7fb9e3a6c000-7fb9e3a7c000 r-xp 00000000 08:02 13773493                   /home/ammar/.sdkman/candidates/java/11.0.6.hs-adpt/lib/jli/libjli.so
7fb9e3a7c000-7fb9e3c7b000 ---p 00010000 08:02 13773493                   /home/ammar/.sdkman/candidates/java/11.0.6.hs-adpt/lib/jli/libjli.so
7fb9e3c7b000-7fb9e3c7c000 r--p 0000f000 08:02 13773493                   /home/ammar/.sdkman/candidates/java/11.0.6.hs-adpt/lib/jli/libjli.so
7fb9e3c7c000-7fb9e3c7d000 rw-p 00010000 08:02 13773493                   /home/ammar/.sdkman/candidates/java/11.0.6.hs-adpt/lib/jli/libjli.so
7fb9e3c7d000-7fb9e3c97000 r-xp 00000000 08:02 4462566                    /lib/x86_64-linux-gnu/libpthread-2.27.so
7fb9e3c97000-7fb9e3e96000 ---p 0001a000 08:02 4462566                    /lib/x86_64-linux-gnu/libpthread-2.27.so
7fb9e3e96000-7fb9e3e97000 r--p 00019000 08:02 4462566                    /lib/x86_64-linux-gnu/libpthread-2.27.so
7fb9e3e97000-7fb9e3e98000 rw-p 0001a000 08:02 4462566                    /lib/x86_64-linux-gnu/libpthread-2.27.so
7fb9e3e98000-7fb9e3e9c000 rw-p 00000000 00:00 0 
7fb9e3e9c000-7fb9e3eb8000 r-xp 00000000 08:02 4461678                    /lib/x86_64-linux-gnu/libz.so.1.2.11
7fb9e3eb8000-7fb9e40b7000 ---p 0001c000 08:02 4461678                    /lib/x86_64-linux-gnu/libz.so.1.2.11
7fb9e40b7000-7fb9e40b8000 r--p 0001b000 08:02 4461678                    /lib/x86_64-linux-gnu/libz.so.1.2.11
7fb9e40b8000-7fb9e40b9000 rw-p 0001c000 08:02 4461678                    /lib/x86_64-linux-gnu/libz.so.1.2.11
7fb9e40b9000-7fb9e40e0000 r-xp 00000000 08:02 4462547                    /lib/x86_64-linux-gnu/ld-2.27.so
7fb9e40ee000-7fb9e417b000 rw-p 00000000 00:00 0 
7fb9e417b000-7fb9e41b0000 ---p 00000000 00:00 0 
7fb9e41b0000-7fb9e41b4000 ---p 00000000 00:00 0 
7fb9e41b4000-7fb9e42b3000 rw-p 00000000 00:00 0 
7fb9e42bf000-7fb9e42cd000 rw-p 00000000 00:00 0 
7fb9e42cd000-7fb9e42d4000 ---p 00000000 00:00 0 
7fb9e42d4000-7fb9e42dc000 rw-s 00000000 08:02 7209041                    /tmp/hsperfdata_ammar/4778
7fb9e42dc000-7fb9e42dd000 ---p 00000000 00:00 0 
7fb9e42dd000-7fb9e42de000 r--p 00000000 00:00 0 
7fb9e42de000-7fb9e42e0000 rw-p 00000000 00:00 0 
7fb9e42e0000-7fb9e42e1000 r--p 00027000 08:02 4462547                    /lib/x86_64-linux-gnu/ld-2.27.so
7fb9e42e1000-7fb9e42e2000 rw-p 00028000 08:02 4462547                    /lib/x86_64-linux-gnu/ld-2.27.so
7fb9e42e2000-7fb9e42e3000 rw-p 00000000 00:00 0 
7ffc1035f000-7ffc10380000 rw-p 00000000 00:00 0                          [stack]
7ffc10395000-7ffc10398000 r--p 00000000 00:00 0                          [vvar]
7ffc10398000-7ffc10399000 r-xp 00000000 00:00 0                          [vdso]
ffffffffff600000-ffffffffff601000 --xp 00000000 00:00 0                  [vsyscall]


VM Arguments:
jvm_args: -Xmx256M -Xms32M -Xverify:none 
java_command: org.jetbrains.kotlin.preloading.Preloader -cp /home/ammar/.sdkman/candidates/kotlin/1.3.70/lib/kotlin-compiler.jar org.jetbrains.kotlin.cli.jvm.K2JVMCompiler astprinter.kt environment.kt expr.kt interpreter.kt klox.kt lox-callable.kt lox-function.kt parser.kt runtime-error.kt scanner.kt stmt.kt tokens.kt
java_class_path (initial): /home/ammar/.sdkman/candidates/kotlin/1.3.70/lib/kotlin-preloader.jar
Launcher Type: SUN_STANDARD

[Global flags]
     bool BytecodeVerificationLocal                = false                                     {product} {command line}
     bool BytecodeVerificationRemote               = false                                     {product} {command line}
     intx CICompilerCount                          = 3                                         {product} {ergonomic}
     uint ConcGCThreads                            = 1                                         {product} {ergonomic}
     uint G1ConcRefinementThreads                  = 4                                         {product} {ergonomic}
   size_t G1HeapRegionSize                         = 1048576                                   {product} {ergonomic}
    uintx GCDrainStackTargetSize                   = 64                                        {product} {ergonomic}
   size_t InitialHeapSize                          = 33554432                                  {product} {command line}
   size_t MarkStackSize                            = 4194304                                   {product} {ergonomic}
   size_t MaxHeapSize                              = 268435456                                 {product} {command line}
   size_t MaxNewSize                               = 160432128                                 {product} {ergonomic}
   size_t MinHeapDeltaBytes                        = 1048576                                   {product} {ergonomic}
    uintx NonNMethodCodeHeapSize                   = 5830732                                {pd product} {ergonomic}
    uintx NonProfiledCodeHeapSize                  = 122913754                              {pd product} {ergonomic}
    uintx ProfiledCodeHeapSize                     = 122913754                              {pd product} {ergonomic}
    uintx ReservedCodeCacheSize                    = 251658240                              {pd product} {ergonomic}
     bool SegmentedCodeCache                       = true                                      {product} {ergonomic}
     bool UseCompressedClassPointers               = true                                 {lp64_product} {ergonomic}
     bool UseCompressedOops                        = true                                 {lp64_product} {ergonomic}
     bool UseG1GC                                  = true                                      {product} {ergonomic}

Logging:
Log output configuration:
 #0: stdout all=warning uptime,level,tags
 #1: stderr all=off uptime,level,tags

Environment Variables:
JAVA_HOME=/home/ammar/.sdkman/candidates/java/current
PATH=/home/ammar/.nix-profile/bin:/home/ammar/.yarn/bin:/home/ammar/.config/yarn/global/node_modules/.bin:/home/ammar/.nix-profile/bin:/home/ammar/.sdkman/candidates/kotlin/current/bin:/home/ammar/.sdkman/candidates/java/current/bin:/home/ammar/.sdkman/candidates/gradle/current/bin:/home/ammar/.yarn/bin:/home/ammar/.config/yarn/global/node_modules/.bin:/home/ammar/.nvm/versions/node/v12.0.0/bin:/home/ammar/.cargo/bin:/home/ammar/.cargo/bin:/usr/local/sbin:/usr/local/bin:/usr/sbin:/usr/bin:/sbin:/bin:/usr/games:/usr/local/games:/home/ammar/.local/bin:/snap/bin:/home/ammar/.local/bin:/snap/bin
SHELL=/usr/bin/zsh
DISPLAY=:0

Signal Handlers:
SIGSEGV: [libjvm.so+0xe334d0], sa_mask[0]=11111111011111111101111111111110, sa_flags=SA_RESTART|SA_SIGINFO
SIGBUS: [libjvm.so+0xe334d0], sa_mask[0]=11111111011111111101111111111110, sa_flags=SA_RESTART|SA_SIGINFO
SIGFPE: [libjvm.so+0xe334d0], sa_mask[0]=11111111011111111101111111111110, sa_flags=SA_RESTART|SA_SIGINFO
SIGPIPE: [libjvm.so+0xc061e0], sa_mask[0]=11111111011111111101111111111110, sa_flags=SA_RESTART|SA_SIGINFO
SIGXFSZ: [libjvm.so+0xc061e0], sa_mask[0]=11111111011111111101111111111110, sa_flags=SA_RESTART|SA_SIGINFO
SIGILL: [libjvm.so+0xe334d0], sa_mask[0]=11111111011111111101111111111110, sa_flags=SA_RESTART|SA_SIGINFO
SIGUSR2: [libjvm.so+0xc06080], sa_mask[0]=00000000000000000000000000000000, sa_flags=SA_RESTART|SA_SIGINFO
SIGHUP: [libjvm.so+0xc063e0], sa_mask[0]=11111111011111111101111111111110, sa_flags=SA_RESTART|SA_SIGINFO
SIGINT: [libjvm.so+0xc063e0], sa_mask[0]=11111111011111111101111111111110, sa_flags=SA_RESTART|SA_SIGINFO
SIGTERM: [libjvm.so+0xc063e0], sa_mask[0]=11111111011111111101111111111110, sa_flags=SA_RESTART|SA_SIGINFO
SIGQUIT: [libjvm.so+0xc063e0], sa_mask[0]=11111111011111111101111111111110, sa_flags=SA_RESTART|SA_SIGINFO


---------------  S Y S T E M  ---------------

OS:DISTRIB_ID=Ubuntu
DISTRIB_RELEASE=18.04
DISTRIB_CODENAME=bionic
DISTRIB_DESCRIPTION="Ubuntu 18.04.4 LTS"
uname:Linux 5.4.0-42-generic #46~18.04.1-Ubuntu SMP Fri Jul 10 07:21:24 UTC 2020 x86_64
libc:glibc 2.27 NPTL 2.27 
rlimit: STACK 8192k, CORE 0k, NPROC 15285, NOFILE 1048576, AS infinity, DATA infinity, FSIZE infinity
load average:0.77 0.70 0.59

/proc/meminfo:
MemTotal:        3993196 kB
MemFree:          216920 kB
MemAvailable:    1209064 kB
Buffers:           83628 kB
Cached:          1176904 kB
SwapCached:        13124 kB
Active:          2183640 kB
Inactive:        1145728 kB
Active(anon):    1571028 kB
Inactive(anon):   587348 kB
Active(file):     612612 kB
Inactive(file):   558380 kB
Unevictable:          32 kB
Mlocked:              32 kB
SwapTotal:       2097148 kB
SwapFree:        1836748 kB
Dirty:                32 kB
Writeback:            48 kB
AnonPages:       2061132 kB
Mapped:           496768 kB
Shmem:            117096 kB
KReclaimable:      47808 kB
Slab:             149824 kB
SReclaimable:      47808 kB
SUnreclaim:       102016 kB
KernelStack:       13344 kB
PageTables:        78544 kB
NFS_Unstable:          0 kB
Bounce:                0 kB
WritebackTmp:          0 kB
CommitLimit:     4093744 kB
Committed_AS:    8965008 kB
VmallocTotal:   34359738367 kB
VmallocUsed:       42276 kB
VmallocChunk:          0 kB
Percpu:             1392 kB
HardwareCorrupted:     0 kB
AnonHugePages:         0 kB
ShmemHugePages:        0 kB
ShmemPmdMapped:        0 kB
FileHugePages:         0 kB
FilePmdMapped:         0 kB
CmaTotal:              0 kB
CmaFree:               0 kB
HugePages_Total:       0
HugePages_Free:        0
HugePages_Rsvd:        0
HugePages_Surp:        0
Hugepagesize:       2048 kB
Hugetlb:               0 kB
DirectMap4k:      571848 kB
DirectMap2M:     3586048 kB


/proc/sys/kernel/threads-max (system-wide limit on the number of threads):
30571


/proc/sys/vm/max_map_count (maximum number of memory map areas a process may have):
65530


/proc/sys/kernel/pid_max (system-wide limit on number of process identifiers):
32768



container (cgroup) information:
container_type: cgroupv1
cpu_cpuset_cpus: 0-3
cpu_memory_nodes: 0
active_processor_count: 4
cpu_quota: -1
cpu_period: 100000
cpu_shares: -1
memory_limit_in_bytes: -1
memory_and_swap_limit_in_bytes: -2
memory_soft_limit_in_bytes: -1
memory_usage_in_bytes: 3407409152
memory_max_usage_in_bytes: 0

Steal ticks since vm start: 0
Steal ticks percentage since vm start:  0.000

CPU:total 4 (initial active 4) (2 cores per cpu, 2 threads per core) family 6 model 58 stepping 9, cmov, cx8, fxsr, mmx, sse, sse2, sse3, ssse3, sse4.1, sse4.2, popcnt, avx, clmul, erms, ht, tsc, tscinvbit, tscinv
CPU Model and flags from /proc/cpuinfo:
model name	: Intel(R) Core(TM) i3-3220 CPU @ 3.30GHz
flags		: fpu vme de pse tsc msr pae mce cx8 apic sep mtrr pge mca cmov pat pse36 clflush dts acpi mmx fxsr sse sse2 ss ht tm pbe syscall nx rdtscp lm constant_tsc arch_perfmon pebs bts rep_good nopl xtopology nonstop_tsc cpuid aperfmperf pni pclmulqdq dtes64 monitor ds_cpl vmx est tm2 ssse3 cx16 xtpr pdcm pcid sse4_1 sse4_2 popcnt tsc_deadline_timer xsave avx f16c lahf_lm cpuid_fault epb pti ssbd ibrs ibpb stibp tpr_shadow vnmi flexpriority ept vpid fsgsbase smep erms xsaveopt dtherm arat pln pts md_clear flush_l1d

Memory: 4k page, physical 3993196k(216920k free), swap 2097148k(1836748k free)

vm_info: OpenJDK 64-Bit Server VM (11.0.6+10) for linux-amd64 JRE (11.0.6+10), built on Jan 15 2020 12:10:43 by "jenkins" with gcc 7.3.1 20180303 (Red Hat 7.3.1-5)

END.
